#
# There is insufficient memory for the Java Runtime Environment to continue.
# Native memory allocation (malloc) failed to allocate 692816 bytes for Chunk::new
# Possible reasons:
#   The system is out of physical RAM or swap space
#   The process is running with CompressedOops enabled, and the Java Heap may be blocking the growth of the native heap
# Possible solutions:
#   Reduce memory load on the system
#   Increase physical memory or swap space
#   Check if swap backing store is full
#   Decrease Java heap size (-Xmx/-Xms)
#   Decrease number of Java threads
#   Decrease Java thread stack sizes (-Xss)
#   Set larger code cache with -XX:ReservedCodeCacheSize=
#   JVM is running with Unscaled Compressed Oops mode in which the Java heap is
#     placed in the first 4GB address space. The Java Heap base address is the
#     maximum limit for the native heap growth. Please use -XX:HeapBaseMinAddress
#     to set the Java Heap base and to place the Java Heap above 4GB virtual address.
# This output file may be truncated or incomplete.
#
#  Out of Memory Error (./src/hotspot/share/memory/arena.cpp:197), pid=28304, tid=46052
#
# JRE version: OpenJDK Runtime Environment AdoptOpenJDK (11.0.10+9) (build 11.0.10+9)
# Java VM: OpenJDK 64-Bit Server VM AdoptOpenJDK (11.0.10+9, mixed mode, tiered, compressed oops, g1 gc, windows-amd64)
# No core dump will be written. Minidumps are not enabled by default on client versions of Windows
#

---------------  S U M M A R Y ------------

Command Line: --add-opens=java.base/java.util=ALL-UNNAMED --add-opens=java.base/java.lang=ALL-UNNAMED --add-opens=java.base/java.lang.invoke=ALL-UNNAMED --add-opens=java.prefs/java.util.prefs=ALL-UNNAMED -Xmx1536m -Dfile.encoding=GBK -Duser.country=CN -Duser.language=zh -Duser.variant org.gradle.launcher.daemon.bootstrap.GradleDaemon 6.5

Host: AMD Ryzen 7 5800H with Radeon Graphics         , 16 cores, 13G,  Windows 10 , 64 bit Build 22463 (10.0.22463.1000)
Time: Tue Sep 28 18:05:36 2021 中国标准时间 elapsed time: 5.655259 seconds (0d 0h 0m 5s)

---------------  T H R E A D  ---------------

Current thread (0x000002058f78b800):  JavaThread "C2 CompilerThread2" daemon [_thread_in_native, id=46052, stack(0x0000005144d00000,0x0000005144e00000)]


Current CompileTask:
C2:   5655 5210       4       org.objectweb.asm.SymbolTable::addConstantMemberReference (147 bytes)

Stack: [0x0000005144d00000,0x0000005144e00000]
Native frames: (J=compiled Java code, j=interpreted, Vv=VM code, C=native code)
V  [jvm.dll+0x5f35ea]
V  [jvm.dll+0x77c65e]
V  [jvm.dll+0x77dd2f]
V  [jvm.dll+0x77e3f3]
V  [jvm.dll+0x246c38]
V  [jvm.dll+0xbe6cc]
V  [jvm.dll+0xbedcc]
V  [jvm.dll+0x34bfd7]
V  [jvm.dll+0x319e33]
V  [jvm.dll+0x31916a]
V  [jvm.dll+0x200525]
V  [jvm.dll+0x1ff70f]
V  [jvm.dll+0x1846bc]
V  [jvm.dll+0x20ec37]
V  [jvm.dll+0x20ce1b]
V  [jvm.dll+0x740b39]
V  [jvm.dll+0x739ba4]
V  [jvm.dll+0x5f2466]
C  [ucrtbase.dll+0x293cc]
C  [KERNEL32.DLL+0x16d50]
C  [ntdll.dll+0x4c6b]


---------------  P R O C E S S  ---------------

Threads class SMR info:
_java_thread_list=0x000002059184b250, length=167, elements={
0x00000205e9ce3800, 0x00000205fbd3f800, 0x00000205fbd65800, 0x00000205fbdd5800,
0x00000205fbdd7000, 0x00000205fbdda000, 0x00000205fbddf000, 0x00000205fbde3800,
0x00000205fbdef000, 0x00000205fbf4d000, 0x00000205fbf5d000, 0x00000205fde14000,
0x00000205fcc56000, 0x00000205fd2f7000, 0x00000205fd344800, 0x00000205fd814800,
0x00000205fcebb000, 0x00000205fcf16000, 0x00000205fcdae800, 0x00000205fd304000,
0x00000205fdbe2000, 0x00000205fdfc3800, 0x00000205fdfc2800, 0x00000205fdfc1800,
0x00000205fdfc8000, 0x00000205fd93e000, 0x00000205fdfc4000, 0x00000205fdfc5000,
0x00000205fdfc5800, 0x000002058f78b800, 0x00000205fdfc6800, 0x00000205fdfc7800,
0x000002058f99d000, 0x000002058f99f800, 0x0000020591aae800, 0x000002058f99b000,
0x000002058f999800, 0x000002058f9a6000, 0x000002058f9a0000, 0x000002058f9a3800,
0x000002058f9a6800, 0x000002058f9a1800, 0x000002058f9a4000, 0x000002058f9a2800,
0x000002058f9a5000, 0x000002058f9a1000, 0x000002058f9a7800, 0x000002058f9a8800,
0x000002058f2d4000, 0x000002058f2d8000, 0x000002058f2d4800, 0x000002058f2d7000,
0x000002058f2d6800, 0x000002058f2d3000, 0x000002058f2d2800, 0x000002058f2db800,
0x000002058f2d9000, 0x000002058f2d9800, 0x000002058f2d5800, 0x000002058f2de800,
0x000002058f2dc000, 0x000002058f2da800, 0x000002058f2dd800, 0x000002058f2dd000,
0x000002058f2df800, 0x000002058f2e0000, 0x000002058f2e1000, 0x000002058fab6000,
0x000002058fab4800, 0x000002058fab9800, 0x000002058fab7000, 0x000002058fab7800,
0x000002058fab8800, 0x000002058faba000, 0x000002058fabb000, 0x000002058fab5800,
0x000002058fac0000, 0x000002058fabc800, 0x000002058fac1800, 0x000002058fabd800,
0x000002058fac0800, 0x000002058fabe800, 0x000002058fabf000, 0x000002058fabc000,
0x000002058fac2800, 0x000002058fac3000, 0x0000020590a81800, 0x0000020590a85000,
0x0000020590a7f000, 0x0000020590a82800, 0x0000020590a84000, 0x0000020590a80000,
0x0000020590a86800, 0x0000020590a83000, 0x0000020590a80800, 0x0000020590a89800,
0x0000020590a85800, 0x0000020590a87000, 0x0000020590a8a800, 0x0000020590a8b800,
0x0000020590a8c000, 0x0000020590a8d000, 0x0000020590a8e000, 0x0000020590a88000,
0x0000020590a89000, 0x000002058f7df000, 0x000002058f7dd000, 0x000002058f7e3000,
0x000002058f7df800, 0x000002058f7e1800, 0x000002058f7e2000, 0x000002058f7e3800,
0x000002058f7de000, 0x000002058f7e4800, 0x000002058f7e6000, 0x000002058f7e5800,
0x000002058f7e0800, 0x000002058f7ea000, 0x000002058f7e9800, 0x000002058f7eb000,
0x000002058f7e7000, 0x000002058f7e8800, 0x000002058f7ec000, 0x000002058f7e8000,
0x000002058fe64000, 0x000002058fe63000, 0x000002058fe60000, 0x000002058fe60800,
0x000002058fe61800, 0x000002058fe62800, 0x000002058fe5e000, 0x000002058fe65000,
0x000002058fe5f000, 0x000002058fe79800, 0x000002058fe7a000, 0x000002058fe76000,
0x000002058fe77000, 0x000002058fe78000, 0x000002058fe75800, 0x000002058fe78800,
0x000002058fe74800, 0x000002058fe7c000, 0x000002058fe7f000, 0x000002058fe7e800,
0x000002058fe80000, 0x000002058fe81000, 0x000002058fe7b000, 0x000002058fe81800,
0x000002058fe82800, 0x000002058fe7c800, 0x000002058fe83000, 0x000002058fe7d800,
0x000002058fe03800, 0x000002058fe04000, 0x000002058fe05000, 0x000002058fe07800,
0x000002058fe09000, 0x000002058fe06000, 0x000002058fe0a000, 0x000002058fe0b000,
0x000002058fe0b800, 0x000002058fe0c800, 0x000002058fe08800, 0x000002058fe06800,
0x000002058fe10800, 0x00000205fc990800, 0x000002058fbce800
}

Java Threads: ( => current thread )
  0x00000205e9ce3800 JavaThread "main" [_thread_blocked, id=50276, stack(0x0000005141900000,0x0000005141a00000)]
  0x00000205fbd3f800 JavaThread "Reference Handler" daemon [_thread_blocked, id=44272, stack(0x0000005142000000,0x0000005142100000)]
  0x00000205fbd65800 JavaThread "Finalizer" daemon [_thread_blocked, id=43120, stack(0x0000005142100000,0x0000005142200000)]
  0x00000205fbdd5800 JavaThread "Signal Dispatcher" daemon [_thread_blocked, id=12716, stack(0x0000005142200000,0x0000005142300000)]
  0x00000205fbdd7000 JavaThread "Attach Listener" daemon [_thread_blocked, id=49708, stack(0x0000005142300000,0x0000005142400000)]
  0x00000205fbdda000 JavaThread "Service Thread" daemon [_thread_blocked, id=9956, stack(0x0000005142400000,0x0000005142500000)]
  0x00000205fbddf000 JavaThread "C2 CompilerThread0" daemon [_thread_in_native, id=49144, stack(0x0000005142500000,0x0000005142600000)]
  0x00000205fbde3800 JavaThread "C1 CompilerThread0" daemon [_thread_blocked, id=53164, stack(0x0000005142600000,0x0000005142700000)]
  0x00000205fbdef000 JavaThread "Sweeper thread" daemon [_thread_blocked, id=52916, stack(0x0000005142700000,0x0000005142800000)]
  0x00000205fbf4d000 JavaThread "C1 CompilerThread1" daemon [_thread_blocked, id=43408, stack(0x0000005142800000,0x0000005142900000)]
  0x00000205fbf5d000 JavaThread "Common-Cleaner" daemon [_thread_blocked, id=29812, stack(0x0000005142900000,0x0000005142a00000)]
  0x00000205fde14000 JavaThread "Daemon health stats" [_thread_blocked, id=38664, stack(0x0000005143300000,0x0000005143400000)]
  0x00000205fcc56000 JavaThread "C1 CompilerThread2" daemon [_thread_blocked, id=33612, stack(0x0000005143100000,0x0000005143200000)]
  0x00000205fd2f7000 JavaThread "Incoming local TCP Connector on port 20490" [_thread_in_native, id=32536, stack(0x0000005143200000,0x0000005143300000)]
  0x00000205fd344800 JavaThread "Daemon periodic checks" [_thread_blocked, id=38492, stack(0x0000005143400000,0x0000005143500000)]
  0x00000205fd814800 JavaThread "Daemon" [_thread_blocked, id=8660, stack(0x0000005143500000,0x0000005143600000)]
  0x00000205fcebb000 JavaThread "Handler for socket connection from /127.0.0.1:20490 to /127.0.0.1:20491" [_thread_in_native, id=49696, stack(0x0000005143600000,0x0000005143700000)]
  0x00000205fcf16000 JavaThread "Cancel handler" [_thread_blocked, id=28056, stack(0x0000005143700000,0x0000005143800000)]
  0x00000205fcdae800 JavaThread "Daemon worker" [_thread_in_vm, id=52268, stack(0x0000005143800000,0x0000005143900000)]
  0x00000205fd304000 JavaThread "Asynchronous log dispatcher for DefaultDaemonConnection: socket connection from /127.0.0.1:20490 to /127.0.0.1:20491" [_thread_blocked, id=52024, stack(0x0000005143900000,0x0000005143a00000)]
  0x00000205fdbe2000 JavaThread "Stdin handler" [_thread_blocked, id=47940, stack(0x0000005143a00000,0x0000005143b00000)]
  0x00000205fdfc3800 JavaThread "Thread-8" [_thread_blocked, id=31040, stack(0x0000005143b00000,0x0000005143c00000)]
  0x00000205fdfc2800 JavaThread "Cache worker for journal cache (C:\Users\jsnow2333\.gradle\caches\journal-1)" [_thread_blocked, id=52336, stack(0x0000005143c00000,0x0000005143d00000)]
  0x00000205fdfc1800 JavaThread "File lock request listener" [_thread_in_native, id=48744, stack(0x0000005143d00000,0x0000005143e00000)]
  0x00000205fdfc8000 JavaThread "Cache worker for file hash cache (C:\Users\jsnow2333\.gradle\caches\6.5\fileHashes)" [_thread_blocked, id=5680, stack(0x0000005143e00000,0x0000005143f00000)]
  0x00000205fd93e000 JavaThread "C2 CompilerThread1" daemon [_thread_in_native, id=50320, stack(0x0000005144900000,0x0000005144a00000)]
  0x00000205fdfc4000 JavaThread "Cache worker for file hash cache (C:\Users\jsnow2333\Documents\dev\Kotlin\.gradle\6.5\fileHashes)" [_thread_blocked, id=24144, stack(0x0000005144a00000,0x0000005144b00000)]
  0x00000205fdfc5000 JavaThread "Cache worker for checksums cache (C:\Users\jsnow2333\Documents\dev\Kotlin\.gradle\checksums)" [_thread_blocked, id=36740, stack(0x0000005144b00000,0x0000005144c00000)]
  0x00000205fdfc5800 JavaThread "Cache worker for cache directory md-supplier (C:\Users\jsnow2333\.gradle\caches\6.5\md-supplier)" [_thread_blocked, id=17308, stack(0x0000005144c00000,0x0000005144d00000)]
=>0x000002058f78b800 JavaThread "C2 CompilerThread2" daemon [_thread_in_native, id=46052, stack(0x0000005144d00000,0x0000005144e00000)]
  0x00000205fdfc6800 JavaThread "Cache worker for cache directory md-rule (C:\Users\jsnow2333\.gradle\caches\6.5\md-rule)" [_thread_blocked, id=50360, stack(0x0000005144e00000,0x0000005144f00000)]
  0x00000205fdfc7800 JavaThread "Cache worker for execution history cache (C:\Users\jsnow2333\.gradle\caches\6.5\executionHistory)" [_thread_blocked, id=26680, stack(0x0000005144f00000,0x0000005145000000)]
  0x000002058f99d000 JavaThread "jar transforms" [_thread_blocked, id=44952, stack(0x0000005145000000,0x0000005145100000)]
  0x000002058f99f800 JavaThread "Cache worker for file content cache (C:\Users\jsnow2333\.gradle\caches\6.5\fileContent)" [_thread_blocked, id=40132, stack(0x0000005145100000,0x0000005145200000)]
  0x0000020591aae800 JavaThread "C1 CompilerThread3" daemon [_thread_blocked, id=52828, stack(0x0000005145200000,0x0000005145300000)]
  0x000002058f99b000 JavaThread "Build operations" [_thread_blocked, id=14196, stack(0x0000005145300000,0x0000005145400000)]
  0x000002058f999800 JavaThread "Build operations Thread 2" [_thread_blocked, id=12552, stack(0x0000005145400000,0x0000005145500000)]
  0x000002058f9a6000 JavaThread "Build operations Thread 3" [_thread_blocked, id=47072, stack(0x0000005145500000,0x0000005145600000)]
  0x000002058f9a0000 JavaThread "Build operations Thread 4" [_thread_blocked, id=14180, stack(0x0000005145600000,0x0000005145700000)]
  0x000002058f9a3800 JavaThread "Build operations Thread 5" [_thread_blocked, id=24332, stack(0x0000005145700000,0x0000005145800000)]
  0x000002058f9a6800 JavaThread "Build operations Thread 6" [_thread_blocked, id=33816, stack(0x0000005145800000,0x0000005145900000)]
  0x000002058f9a1800 JavaThread "Build operations Thread 7" [_thread_blocked, id=3336, stack(0x0000005145900000,0x0000005145a00000)]
  0x000002058f9a4000 JavaThread "Build operations Thread 8" [_thread_blocked, id=40712, stack(0x0000005145a00000,0x0000005145b00000)]
  0x000002058f9a2800 JavaThread "Build operations Thread 9" [_thread_blocked, id=7632, stack(0x0000005145b00000,0x0000005145c00000)]
  0x000002058f9a5000 JavaThread "Build operations Thread 10" [_thread_blocked, id=12588, stack(0x0000005145c00000,0x0000005145d00000)]
  0x000002058f9a1000 JavaThread "Build operations Thread 11" [_thread_blocked, id=6660, stack(0x0000005145d00000,0x0000005145e00000)]
  0x000002058f9a7800 JavaThread "Build operations Thread 12" [_thread_blocked, id=36504, stack(0x0000005145e00000,0x0000005145f00000)]
  0x000002058f9a8800 JavaThread "Build operations Thread 13" [_thread_blocked, id=36972, stack(0x0000005145f00000,0x0000005146000000)]
  0x000002058f2d4000 JavaThread "Build operations Thread 14" [_thread_blocked, id=10428, stack(0x0000005146000000,0x0000005146100000)]
  0x000002058f2d8000 JavaThread "Build operations Thread 15" [_thread_blocked, id=50432, stack(0x0000005146100000,0x0000005146200000)]
  0x000002058f2d4800 JavaThread "Build operations Thread 16" [_thread_blocked, id=53172, stack(0x0000005146200000,0x0000005146300000)]
  0x000002058f2d7000 JavaThread "jar transforms Thread 2" [_thread_blocked, id=7932, stack(0x0000005146300000,0x0000005146400000)]
  0x000002058f2d6800 JavaThread "jar transforms Thread 3" [_thread_blocked, id=12548, stack(0x0000005146400000,0x0000005146500000)]
  0x000002058f2d3000 JavaThread "jar transforms Thread 4" [_thread_blocked, id=40876, stack(0x0000005146500000,0x0000005146600000)]
  0x000002058f2d2800 JavaThread "jar transforms Thread 5" [_thread_blocked, id=51976, stack(0x0000005146600000,0x0000005146700000)]
  0x000002058f2db800 JavaThread "jar transforms Thread 6" [_thread_blocked, id=47060, stack(0x0000005146700000,0x0000005146800000)]
  0x000002058f2d9000 JavaThread "jar transforms Thread 7" [_thread_blocked, id=25528, stack(0x0000005146800000,0x0000005146900000)]
  0x000002058f2d9800 JavaThread "jar transforms Thread 8" [_thread_blocked, id=21436, stack(0x0000005146900000,0x0000005146a00000)]
  0x000002058f2d5800 JavaThread "jar transforms Thread 9" [_thread_blocked, id=31048, stack(0x0000005146a00000,0x0000005146b00000)]
  0x000002058f2de800 JavaThread "jar transforms Thread 10" [_thread_blocked, id=17896, stack(0x0000005146b00000,0x0000005146c00000)]
  0x000002058f2dc000 JavaThread "jar transforms Thread 11" [_thread_blocked, id=11996, stack(0x0000005146c00000,0x0000005146d00000)]
  0x000002058f2da800 JavaThread "jar transforms Thread 12" [_thread_blocked, id=43160, stack(0x0000005146d00000,0x0000005146e00000)]
  0x000002058f2dd800 JavaThread "jar transforms Thread 13" [_thread_blocked, id=53236, stack(0x0000005146e00000,0x0000005146f00000)]
  0x000002058f2dd000 JavaThread "jar transforms Thread 14" [_thread_blocked, id=27828, stack(0x0000005146f00000,0x0000005147000000)]
  0x000002058f2df800 JavaThread "jar transforms Thread 15" [_thread_blocked, id=8820, stack(0x0000005147000000,0x0000005147100000)]
  0x000002058f2e0000 JavaThread "jar transforms Thread 16" [_thread_blocked, id=15344, stack(0x0000005147100000,0x0000005147200000)]
  0x000002058f2e1000 JavaThread "jar transforms Thread 17" [_thread_blocked, id=13784, stack(0x0000005147200000,0x0000005147300000)]
  0x000002058fab6000 JavaThread "jar transforms Thread 18" [_thread_blocked, id=26316, stack(0x0000005147300000,0x0000005147400000)]
  0x000002058fab4800 JavaThread "jar transforms Thread 19" [_thread_blocked, id=41136, stack(0x0000005147400000,0x0000005147500000)]
  0x000002058fab9800 JavaThread "jar transforms Thread 20" [_thread_blocked, id=4740, stack(0x0000005147500000,0x0000005147600000)]
  0x000002058fab7000 JavaThread "jar transforms Thread 21" [_thread_blocked, id=47952, stack(0x0000005147600000,0x0000005147700000)]
  0x000002058fab7800 JavaThread "jar transforms Thread 22" [_thread_blocked, id=15292, stack(0x0000005147700000,0x0000005147800000)]
  0x000002058fab8800 JavaThread "jar transforms Thread 23" [_thread_blocked, id=48292, stack(0x0000005147800000,0x0000005147900000)]
  0x000002058faba000 JavaThread "jar transforms Thread 24" [_thread_blocked, id=3756, stack(0x0000005147900000,0x0000005147a00000)]
  0x000002058fabb000 JavaThread "jar transforms Thread 25" [_thread_blocked, id=37924, stack(0x0000005147a00000,0x0000005147b00000)]
  0x000002058fab5800 JavaThread "jar transforms Thread 26" [_thread_blocked, id=2576, stack(0x0000005147b00000,0x0000005147c00000)]
  0x000002058fac0000 JavaThread "jar transforms Thread 27" [_thread_blocked, id=47436, stack(0x0000005147c00000,0x0000005147d00000)]
  0x000002058fabc800 JavaThread "jar transforms Thread 28" [_thread_blocked, id=42664, stack(0x0000005147d00000,0x0000005147e00000)]
  0x000002058fac1800 JavaThread "jar transforms Thread 29" [_thread_blocked, id=51860, stack(0x0000005147e00000,0x0000005147f00000)]
  0x000002058fabd800 JavaThread "jar transforms Thread 30" [_thread_blocked, id=20524, stack(0x0000005147f00000,0x0000005148000000)]
  0x000002058fac0800 JavaThread "jar transforms Thread 31" [_thread_blocked, id=35892, stack(0x0000005148000000,0x0000005148100000)]
  0x000002058fabe800 JavaThread "jar transforms Thread 32" [_thread_blocked, id=16484, stack(0x0000005148100000,0x0000005148200000)]
  0x000002058fabf000 JavaThread "jar transforms Thread 33" [_thread_blocked, id=47732, stack(0x0000005148200000,0x0000005148300000)]
  0x000002058fabc000 JavaThread "jar transforms Thread 34" [_thread_blocked, id=22928, stack(0x0000005148300000,0x0000005148400000)]
  0x000002058fac2800 JavaThread "jar transforms Thread 35" [_thread_blocked, id=23244, stack(0x0000005148400000,0x0000005148500000)]
  0x000002058fac3000 JavaThread "jar transforms Thread 36" [_thread_blocked, id=48728, stack(0x0000005148500000,0x0000005148600000)]
  0x0000020590a81800 JavaThread "jar transforms Thread 37" [_thread_blocked, id=39608, stack(0x0000005148600000,0x0000005148700000)]
  0x0000020590a85000 JavaThread "jar transforms Thread 38" [_thread_blocked, id=32360, stack(0x0000005148700000,0x0000005148800000)]
  0x0000020590a7f000 JavaThread "jar transforms Thread 39" [_thread_blocked, id=23820, stack(0x0000005148800000,0x0000005148900000)]
  0x0000020590a82800 JavaThread "jar transforms Thread 40" [_thread_blocked, id=23236, stack(0x0000005148900000,0x0000005148a00000)]
  0x0000020590a84000 JavaThread "jar transforms Thread 41" [_thread_blocked, id=36160, stack(0x0000005148a00000,0x0000005148b00000)]
  0x0000020590a80000 JavaThread "jar transforms Thread 42" [_thread_blocked, id=4828, stack(0x0000005148b00000,0x0000005148c00000)]
  0x0000020590a86800 JavaThread "jar transforms Thread 43" [_thread_blocked, id=12500, stack(0x0000005148c00000,0x0000005148d00000)]
  0x0000020590a83000 JavaThread "jar transforms Thread 44" [_thread_blocked, id=43680, stack(0x0000005148d00000,0x0000005148e00000)]
  0x0000020590a80800 JavaThread "jar transforms Thread 45" [_thread_blocked, id=14324, stack(0x0000005148e00000,0x0000005148f00000)]
  0x0000020590a89800 JavaThread "jar transforms Thread 46" [_thread_blocked, id=52476, stack(0x0000005148f00000,0x0000005149000000)]
  0x0000020590a85800 JavaThread "jar transforms Thread 47" [_thread_blocked, id=1448, stack(0x0000005149000000,0x0000005149100000)]
  0x0000020590a87000 JavaThread "jar transforms Thread 48" [_thread_blocked, id=24952, stack(0x0000005149100000,0x0000005149200000)]
  0x0000020590a8a800 JavaThread "jar transforms Thread 49" [_thread_blocked, id=19920, stack(0x0000005149200000,0x0000005149300000)]
  0x0000020590a8b800 JavaThread "jar transforms Thread 50" [_thread_blocked, id=48052, stack(0x0000005149300000,0x0000005149400000)]
  0x0000020590a8c000 JavaThread "jar transforms Thread 51" [_thread_blocked, id=9888, stack(0x0000005149400000,0x0000005149500000)]
  0x0000020590a8d000 JavaThread "jar transforms Thread 52" [_thread_blocked, id=50756, stack(0x0000005149500000,0x0000005149600000)]
  0x0000020590a8e000 JavaThread "jar transforms Thread 53" [_thread_blocked, id=42300, stack(0x0000005149600000,0x0000005149700000)]
  0x0000020590a88000 JavaThread "jar transforms Thread 54" [_thread_blocked, id=37192, stack(0x0000005149700000,0x0000005149800000)]
  0x0000020590a89000 JavaThread "jar transforms Thread 55" [_thread_blocked, id=40900, stack(0x0000005149800000,0x0000005149900000)]
  0x000002058f7df000 JavaThread "jar transforms Thread 56" [_thread_blocked, id=48392, stack(0x0000005149900000,0x0000005149a00000)]
  0x000002058f7dd000 JavaThread "jar transforms Thread 57" [_thread_blocked, id=1792, stack(0x0000005149a00000,0x0000005149b00000)]
  0x000002058f7e3000 JavaThread "jar transforms Thread 58" [_thread_blocked, id=47216, stack(0x0000005149b00000,0x0000005149c00000)]
  0x000002058f7df800 JavaThread "jar transforms Thread 59" [_thread_blocked, id=49076, stack(0x0000005149c00000,0x0000005149d00000)]
  0x000002058f7e1800 JavaThread "jar transforms Thread 60" [_thread_blocked, id=38660, stack(0x0000005149d00000,0x0000005149e00000)]
  0x000002058f7e2000 JavaThread "jar transforms Thread 61" [_thread_blocked, id=47004, stack(0x0000005149e00000,0x0000005149f00000)]
  0x000002058f7e3800 JavaThread "jar transforms Thread 62" [_thread_blocked, id=30172, stack(0x0000005149f00000,0x000000514a000000)]
  0x000002058f7de000 JavaThread "jar transforms Thread 63" [_thread_blocked, id=52756, stack(0x000000514a000000,0x000000514a100000)]
  0x000002058f7e4800 JavaThread "jar transforms Thread 64" [_thread_blocked, id=46164, stack(0x000000514a100000,0x000000514a200000)]
  0x000002058f7e6000 JavaThread "jar transforms Thread 65" [_thread_blocked, id=1480, stack(0x000000514a200000,0x000000514a300000)]
  0x000002058f7e5800 JavaThread "jar transforms Thread 66" [_thread_blocked, id=53096, stack(0x000000514a300000,0x000000514a400000)]
  0x000002058f7e0800 JavaThread "jar transforms Thread 67" [_thread_blocked, id=45556, stack(0x000000514a400000,0x000000514a500000)]
  0x000002058f7ea000 JavaThread "jar transforms Thread 68" [_thread_blocked, id=25636, stack(0x000000514a500000,0x000000514a600000)]
  0x000002058f7e9800 JavaThread "jar transforms Thread 69" [_thread_blocked, id=49116, stack(0x000000514a600000,0x000000514a700000)]
  0x000002058f7eb000 JavaThread "jar transforms Thread 70" [_thread_blocked, id=42144, stack(0x000000514a700000,0x000000514a800000)]
  0x000002058f7e7000 JavaThread "jar transforms Thread 71" [_thread_blocked, id=51344, stack(0x000000514a800000,0x000000514a900000)]
  0x000002058f7e8800 JavaThread "jar transforms Thread 72" [_thread_blocked, id=31512, stack(0x000000514a900000,0x000000514aa00000)]
  0x000002058f7ec000 JavaThread "jar transforms Thread 73" [_thread_blocked, id=43472, stack(0x000000514aa00000,0x000000514ab00000)]
  0x000002058f7e8000 JavaThread "jar transforms Thread 74" [_thread_blocked, id=51640, stack(0x000000514ab00000,0x000000514ac00000)]
  0x000002058fe64000 JavaThread "jar transforms Thread 75" [_thread_blocked, id=49056, stack(0x000000514ac00000,0x000000514ad00000)]
  0x000002058fe63000 JavaThread "jar transforms Thread 76" [_thread_blocked, id=50780, stack(0x000000514ad00000,0x000000514ae00000)]
  0x000002058fe60000 JavaThread "jar transforms Thread 77" [_thread_blocked, id=41356, stack(0x000000514ae00000,0x000000514af00000)]
  0x000002058fe60800 JavaThread "jar transforms Thread 78" [_thread_blocked, id=11440, stack(0x000000514af00000,0x000000514b000000)]
  0x000002058fe61800 JavaThread "jar transforms Thread 79" [_thread_blocked, id=20656, stack(0x000000514b000000,0x000000514b100000)]
  0x000002058fe62800 JavaThread "jar transforms Thread 80" [_thread_blocked, id=37488, stack(0x000000514b100000,0x000000514b200000)]
  0x000002058fe5e000 JavaThread "jar transforms Thread 81" [_thread_blocked, id=40512, stack(0x000000514b200000,0x000000514b300000)]
  0x000002058fe65000 JavaThread "jar transforms Thread 82" [_thread_blocked, id=29036, stack(0x000000514b300000,0x000000514b400000)]
  0x000002058fe5f000 JavaThread "jar transforms Thread 83" [_thread_blocked, id=52968, stack(0x000000514b400000,0x000000514b500000)]
  0x000002058fe79800 JavaThread "jar transforms Thread 84" [_thread_blocked, id=51256, stack(0x000000514b500000,0x000000514b600000)]
  0x000002058fe7a000 JavaThread "jar transforms Thread 85" [_thread_blocked, id=42580, stack(0x000000514b600000,0x000000514b700000)]
  0x000002058fe76000 JavaThread "jar transforms Thread 86" [_thread_blocked, id=9940, stack(0x000000514b700000,0x000000514b800000)]
  0x000002058fe77000 JavaThread "jar transforms Thread 87" [_thread_blocked, id=34784, stack(0x000000514b800000,0x000000514b900000)]
  0x000002058fe78000 JavaThread "jar transforms Thread 88" [_thread_blocked, id=44468, stack(0x000000514b900000,0x000000514ba00000)]
  0x000002058fe75800 JavaThread "jar transforms Thread 89" [_thread_blocked, id=40140, stack(0x000000514ba00000,0x000000514bb00000)]
  0x000002058fe78800 JavaThread "jar transforms Thread 90" [_thread_blocked, id=49276, stack(0x000000514bb00000,0x000000514bc00000)]
  0x000002058fe74800 JavaThread "jar transforms Thread 91" [_thread_blocked, id=12692, stack(0x000000514bc00000,0x000000514bd00000)]
  0x000002058fe7c000 JavaThread "jar transforms Thread 92" [_thread_blocked, id=48676, stack(0x000000514bd00000,0x000000514be00000)]
  0x000002058fe7f000 JavaThread "jar transforms Thread 93" [_thread_blocked, id=12556, stack(0x000000514be00000,0x000000514bf00000)]
  0x000002058fe7e800 JavaThread "jar transforms Thread 94" [_thread_blocked, id=36124, stack(0x000000514bf00000,0x000000514c000000)]
  0x000002058fe80000 JavaThread "jar transforms Thread 95" [_thread_blocked, id=39168, stack(0x000000514c000000,0x000000514c100000)]
  0x000002058fe81000 JavaThread "jar transforms Thread 96" [_thread_blocked, id=53120, stack(0x000000514c100000,0x000000514c200000)]
  0x000002058fe7b000 JavaThread "jar transforms Thread 97" [_thread_blocked, id=39188, stack(0x000000514c200000,0x000000514c300000)]
  0x000002058fe81800 JavaThread "jar transforms Thread 98" [_thread_blocked, id=35392, stack(0x000000514c300000,0x000000514c400000)]
  0x000002058fe82800 JavaThread "jar transforms Thread 99" [_thread_blocked, id=31492, stack(0x000000514c400000,0x000000514c500000)]
  0x000002058fe7c800 JavaThread "jar transforms Thread 100" [_thread_blocked, id=30892, stack(0x000000514c500000,0x000000514c600000)]
  0x000002058fe83000 JavaThread "jar transforms Thread 101" [_thread_blocked, id=12972, stack(0x000000514c600000,0x000000514c700000)]
  0x000002058fe7d800 JavaThread "jar transforms Thread 102" [_thread_blocked, id=18692, stack(0x000000514c700000,0x000000514c800000)]
  0x000002058fe03800 JavaThread "jar transforms Thread 103" [_thread_blocked, id=39872, stack(0x000000514c800000,0x000000514c900000)]
  0x000002058fe04000 JavaThread "jar transforms Thread 104" [_thread_blocked, id=49748, stack(0x000000514c900000,0x000000514ca00000)]
  0x000002058fe05000 JavaThread "jar transforms Thread 105" [_thread_blocked, id=51388, stack(0x000000514ca00000,0x000000514cb00000)]
  0x000002058fe07800 JavaThread "jar transforms Thread 106" [_thread_blocked, id=30340, stack(0x000000514cb00000,0x000000514cc00000)]
  0x000002058fe09000 JavaThread "jar transforms Thread 107" [_thread_blocked, id=26184, stack(0x000000514cc00000,0x000000514cd00000)]
  0x000002058fe06000 JavaThread "jar transforms Thread 108" [_thread_blocked, id=32344, stack(0x000000514cd00000,0x000000514ce00000)]
  0x000002058fe0a000 JavaThread "jar transforms Thread 109" [_thread_blocked, id=13804, stack(0x000000514ce00000,0x000000514cf00000)]
  0x000002058fe0b000 JavaThread "jar transforms Thread 110" [_thread_blocked, id=35464, stack(0x000000514cf00000,0x000000514d000000)]
  0x000002058fe0b800 JavaThread "jar transforms Thread 111" [_thread_blocked, id=17620, stack(0x000000514d000000,0x000000514d100000)]
  0x000002058fe0c800 JavaThread "jar transforms Thread 112" [_thread_blocked, id=21312, stack(0x000000514d100000,0x000000514d200000)]
  0x000002058fe08800 JavaThread "jar transforms Thread 113" [_thread_blocked, id=23272, stack(0x000000514d200000,0x000000514d300000)]
  0x000002058fe06800 JavaThread "jar transforms Thread 114" [_thread_blocked, id=53008, stack(0x000000514d300000,0x000000514d400000)]
  0x000002058fe10800 JavaThread "Cache worker for Build Output Cleanup Cache (C:\Users\jsnow2333\Documents\dev\Kotlin\.gradle\buildOutputCleanup)" [_thread_blocked, id=49344, stack(0x000000514d400000,0x000000514d500000)]
  0x00000205fc990800 JavaThread "C2 CompilerThread3" daemon [_thread_in_native, id=32916, stack(0x000000514d500000,0x000000514d600000)]
  0x000002058fbce800 JavaThread "C2 CompilerThread4" daemon [_thread_in_native, id=16068, stack(0x000000514d600000,0x000000514d700000)]

Other Threads:
  0x00000205fbd3f000 VMThread "VM Thread" [stack: 0x0000005141f00000,0x0000005142000000] [id=34680]
  0x00000205fbfa7800 WatcherThread [stack: 0x0000005142a00000,0x0000005142b00000] [id=13480]
  0x00000205e9cfe800 GCTaskThread "GC Thread#0" [stack: 0x0000005141a00000,0x0000005141b00000] [id=44940]
  0x00000205fc938000 GCTaskThread "GC Thread#1" [stack: 0x0000005142d00000,0x0000005142e00000] [id=18684]
  0x00000205fc7e9800 GCTaskThread "GC Thread#2" [stack: 0x0000005142e00000,0x0000005142f00000] [id=44384]
  0x00000205fc7ea000 GCTaskThread "GC Thread#3" [stack: 0x0000005142f00000,0x0000005143000000] [id=44700]
  0x00000205fc7eb000 GCTaskThread "GC Thread#4" [stack: 0x0000005143000000,0x0000005143100000] [id=14184]
  0x00000205fdc10000 GCTaskThread "GC Thread#5" [stack: 0x0000005143f00000,0x0000005144000000] [id=52028]
  0x00000205fdf87800 GCTaskThread "GC Thread#6" [stack: 0x0000005144000000,0x0000005144100000] [id=18968]
  0x00000205fdc73800 GCTaskThread "GC Thread#7" [stack: 0x0000005144100000,0x0000005144200000] [id=11388]
  0x00000205fdfe2800 GCTaskThread "GC Thread#8" [stack: 0x0000005144200000,0x0000005144300000] [id=41788]
  0x00000205fd251000 GCTaskThread "GC Thread#9" [stack: 0x0000005144300000,0x0000005144400000] [id=47924]
  0x00000205fdf82800 GCTaskThread "GC Thread#10" [stack: 0x0000005144400000,0x0000005144500000] [id=20680]
  0x00000205fdf64800 GCTaskThread "GC Thread#11" [stack: 0x0000005144500000,0x0000005144600000] [id=14308]
  0x00000205fdc3d000 GCTaskThread "GC Thread#12" [stack: 0x0000005144600000,0x0000005144700000] [id=49932]
  0x00000205e9d27800 ConcurrentGCThread "G1 Main Marker" [stack: 0x0000005141b00000,0x0000005141c00000] [id=5048]
  0x00000205e9d29000 ConcurrentGCThread "G1 Conc#0" [stack: 0x0000005141c00000,0x0000005141d00000] [id=37184]
  0x00000205fcd3f000 ConcurrentGCThread "G1 Conc#1" [stack: 0x0000005144700000,0x0000005144800000] [id=17992]
  0x00000205fcd92000 ConcurrentGCThread "G1 Conc#2" [stack: 0x0000005144800000,0x0000005144900000] [id=45664]
  0x00000205fb3a5000 ConcurrentGCThread "G1 Refine#0" [stack: 0x0000005141d00000,0x0000005141e00000] [id=18644]
  0x00000205fb3a6000 ConcurrentGCThread "G1 Young RemSet Sampling" [stack: 0x0000005141e00000,0x0000005141f00000] [id=43988]

Threads with active compile tasks:
C2 CompilerThread0   5706 5238       4       java.lang.ClassLoader::preDefineClass (116 bytes)
C2 CompilerThread1   5706 5041       4       org.objectweb.asm.Frame::execute (2318 bytes)
C2 CompilerThread2   5706 5210       4       org.objectweb.asm.SymbolTable::addConstantMemberReference (147 bytes)
C2 CompilerThread3   5706 5226       4       org.objectweb.asm.MethodWriter::computeAllFrames (510 bytes)
C2 CompilerThread4   5706 5200       4       java.lang.ClassLoader::defineClass (43 bytes)

VM state:not at safepoint (normal execution)

VM Mutex/Monitor currently owned by a thread: None

Heap address: 0x00000000a0000000, size: 1536 MB, Compressed Oops mode: 32-bit
Narrow klass base: 0x0000000000000000, Narrow klass shift: 3
Compressed class space size: 1073741824 Address: 0x0000000100000000

Heap:
 garbage-first heap   total 227328K, used 137852K [0x00000000a0000000, 0x0000000100000000)
  region size 1024K, 116 young (118784K), 12 survivors (12288K)
 Metaspace       used 54784K, capacity 56083K, committed 56272K, reserved 1101824K
  class space    used 6915K, capacity 7335K, committed 7424K, reserved 1048576K
Heap Regions: E=young(eden), S=young(survivor), O=old, HS=humongous(starts), HC=humongous(continues), CS=collection set, F=free, A=archive, TAMS=top-at-mark-start (previous, next)
|   0|0x00000000a0000000, 0x00000000a0100000, 0x00000000a0100000|100%| O|  |TAMS 0x00000000a0100000, 0x00000000a0000000| Untracked 
|   1|0x00000000a0100000, 0x00000000a0200000, 0x00000000a0200000|100%| O|  |TAMS 0x00000000a0200000, 0x00000000a0100000| Untracked 
|   2|0x00000000a0200000, 0x00000000a0300000, 0x00000000a0300000|100%| O|  |TAMS 0x00000000a0300000, 0x00000000a0200000| Untracked 
|   3|0x00000000a0300000, 0x00000000a0400000, 0x00000000a0400000|100%|HS|  |TAMS 0x00000000a0400000, 0x00000000a0300000| Complete 
|   4|0x00000000a0400000, 0x00000000a0500000, 0x00000000a0500000|100%|HC|  |TAMS 0x00000000a0500000, 0x00000000a0400000| Complete 
|   5|0x00000000a0500000, 0x00000000a0600000, 0x00000000a0600000|100%|HC|  |TAMS 0x00000000a0600000, 0x00000000a0500000| Complete 
|   6|0x00000000a0600000, 0x00000000a0700000, 0x00000000a0700000|100%| O|  |TAMS 0x00000000a0700000, 0x00000000a0600000| Untracked 
|   7|0x00000000a0700000, 0x00000000a0800000, 0x00000000a0800000|100%| O|  |TAMS 0x00000000a0800000, 0x00000000a0700000| Untracked 
|   8|0x00000000a0800000, 0x00000000a0900000, 0x00000000a0900000|100%| O|  |TAMS 0x00000000a0900000, 0x00000000a0800000| Untracked 
|   9|0x00000000a0900000, 0x00000000a0a00000, 0x00000000a0a00000|100%| O|  |TAMS 0x00000000a0a00000, 0x00000000a0900000| Untracked 
|  10|0x00000000a0a00000, 0x00000000a0b00000, 0x00000000a0b00000|100%| O|  |TAMS 0x00000000a0b00000, 0x00000000a0a00000| Untracked 
|  11|0x00000000a0b00000, 0x00000000a0c00000, 0x00000000a0c00000|100%| O|  |TAMS 0x00000000a0c00000, 0x00000000a0b00000| Untracked 
|  12|0x00000000a0c00000, 0x00000000a0d00000, 0x00000000a0d00000|100%| O|  |TAMS 0x00000000a0d00000, 0x00000000a0c00000| Untracked 
|  13|0x00000000a0d00000, 0x00000000a0e00000, 0x00000000a0e00000|100%| O|  |TAMS 0x00000000a0e00000, 0x00000000a0d00000| Untracked 
|  14|0x00000000a0e00000, 0x00000000a0f00000, 0x00000000a0f00000|100%| O|  |TAMS 0x00000000a0f00000, 0x00000000a0e00000| Untracked 
|  15|0x00000000a0f00000, 0x00000000a0f07000, 0x00000000a1000000|  2%| O|  |TAMS 0x00000000a0f07000, 0x00000000a0f00000| Untracked 
|  16|0x00000000a1000000, 0x00000000a1100000, 0x00000000a1100000|100%|HS|  |TAMS 0x00000000a1000000, 0x00000000a1000000| Complete 
|  17|0x00000000a1100000, 0x00000000a1200000, 0x00000000a1200000|100%|HS|  |TAMS 0x00000000a1100000, 0x00000000a1100000| Complete 
|  18|0x00000000a1200000, 0x00000000a1300000, 0x00000000a1300000|100%|HC|  |TAMS 0x00000000a1200000, 0x00000000a1200000| Complete 
|  19|0x00000000a1300000, 0x00000000a1400000, 0x00000000a1400000|100%|HC|  |TAMS 0x00000000a1300000, 0x00000000a1300000| Complete 
|  20|0x00000000a1400000, 0x00000000a1500000, 0x00000000a1500000|100%|HS|  |TAMS 0x00000000a1400000, 0x00000000a1400000| Complete 
|  21|0x00000000a1500000, 0x00000000a1600000, 0x00000000a1600000|100%|HC|  |TAMS 0x00000000a1500000, 0x00000000a1500000| Complete 
|  22|0x00000000a1600000, 0x00000000a1600000, 0x00000000a1700000|  0%| F|  |TAMS 0x00000000a1600000, 0x00000000a1600000| Untracked 
|  23|0x00000000a1700000, 0x00000000a1700000, 0x00000000a1800000|  0%| F|  |TAMS 0x00000000a1700000, 0x00000000a1700000| Untracked 
|  24|0x00000000a1800000, 0x00000000a1800000, 0x00000000a1900000|  0%| F|  |TAMS 0x00000000a1800000, 0x00000000a1800000| Untracked 
|  25|0x00000000a1900000, 0x00000000a1900000, 0x00000000a1a00000|  0%| F|  |TAMS 0x00000000a1900000, 0x00000000a1900000| Untracked 
|  26|0x00000000a1a00000, 0x00000000a1a00000, 0x00000000a1b00000|  0%| F|  |TAMS 0x00000000a1a00000, 0x00000000a1a00000| Untracked 
|  27|0x00000000a1b00000, 0x00000000a1b00000, 0x00000000a1c00000|  0%| F|  |TAMS 0x00000000a1b00000, 0x00000000a1b00000| Untracked 
|  28|0x00000000a1c00000, 0x00000000a1c00000, 0x00000000a1d00000|  0%| F|  |TAMS 0x00000000a1c00000, 0x00000000a1c00000| Untracked 
|  29|0x00000000a1d00000, 0x00000000a1d00000, 0x00000000a1e00000|  0%| F|  |TAMS 0x00000000a1d00000, 0x00000000a1d00000| Untracked 
|  30|0x00000000a1e00000, 0x00000000a1e00000, 0x00000000a1f00000|  0%| F|  |TAMS 0x00000000a1e00000, 0x00000000a1e00000| Untracked 
|  31|0x00000000a1f00000, 0x00000000a1f00000, 0x00000000a2000000|  0%| F|  |TAMS 0x00000000a1f00000, 0x00000000a1f00000| Untracked 
|  32|0x00000000a2000000, 0x00000000a2000000, 0x00000000a2100000|  0%| F|  |TAMS 0x00000000a2000000, 0x00000000a2000000| Untracked 
|  33|0x00000000a2100000, 0x00000000a2100000, 0x00000000a2200000|  0%| F|  |TAMS 0x00000000a2100000, 0x00000000a2100000| Untracked 
|  34|0x00000000a2200000, 0x00000000a2200000, 0x00000000a2300000|  0%| F|  |TAMS 0x00000000a2200000, 0x00000000a2200000| Untracked 
|  35|0x00000000a2300000, 0x00000000a2300000, 0x00000000a2400000|  0%| F|  |TAMS 0x00000000a2300000, 0x00000000a2300000| Untracked 
|  36|0x00000000a2400000, 0x00000000a2400000, 0x00000000a2500000|  0%| F|  |TAMS 0x00000000a2400000, 0x00000000a2400000| Untracked 
|  37|0x00000000a2500000, 0x00000000a2500000, 0x00000000a2600000|  0%| F|  |TAMS 0x00000000a2500000, 0x00000000a2500000| Untracked 
|  38|0x00000000a2600000, 0x00000000a2600000, 0x00000000a2700000|  0%| F|  |TAMS 0x00000000a2600000, 0x00000000a2600000| Untracked 
|  39|0x00000000a2700000, 0x00000000a2700000, 0x00000000a2800000|  0%| F|  |TAMS 0x00000000a2700000, 0x00000000a2700000| Untracked 
|  40|0x00000000a2800000, 0x00000000a2800000, 0x00000000a2900000|  0%| F|  |TAMS 0x00000000a2800000, 0x00000000a2800000| Untracked 
|  41|0x00000000a2900000, 0x00000000a2900000, 0x00000000a2a00000|  0%| F|  |TAMS 0x00000000a2900000, 0x00000000a2900000| Untracked 
|  42|0x00000000a2a00000, 0x00000000a2a00000, 0x00000000a2b00000|  0%| F|  |TAMS 0x00000000a2a00000, 0x00000000a2a00000| Untracked 
|  43|0x00000000a2b00000, 0x00000000a2b00000, 0x00000000a2c00000|  0%| F|  |TAMS 0x00000000a2b00000, 0x00000000a2b00000| Untracked 
|  44|0x00000000a2c00000, 0x00000000a2c00000, 0x00000000a2d00000|  0%| F|  |TAMS 0x00000000a2c00000, 0x00000000a2c00000| Untracked 
|  45|0x00000000a2d00000, 0x00000000a2d00000, 0x00000000a2e00000|  0%| F|  |TAMS 0x00000000a2d00000, 0x00000000a2d00000| Untracked 
|  46|0x00000000a2e00000, 0x00000000a2e00000, 0x00000000a2f00000|  0%| F|  |TAMS 0x00000000a2e00000, 0x00000000a2e00000| Untracked 
|  47|0x00000000a2f00000, 0x00000000a2f00000, 0x00000000a3000000|  0%| F|  |TAMS 0x00000000a2f00000, 0x00000000a2f00000| Untracked 
|  48|0x00000000a3000000, 0x00000000a3000000, 0x00000000a3100000|  0%| F|  |TAMS 0x00000000a3000000, 0x00000000a3000000| Untracked 
|  49|0x00000000a3100000, 0x00000000a3100000, 0x00000000a3200000|  0%| F|  |TAMS 0x00000000a3100000, 0x00000000a3100000| Untracked 
|  50|0x00000000a3200000, 0x00000000a3200000, 0x00000000a3300000|  0%| F|  |TAMS 0x00000000a3200000, 0x00000000a3200000| Untracked 
|  51|0x00000000a3300000, 0x00000000a3300000, 0x00000000a3400000|  0%| F|  |TAMS 0x00000000a3300000, 0x00000000a3300000| Untracked 
|  52|0x00000000a3400000, 0x00000000a3400000, 0x00000000a3500000|  0%| F|  |TAMS 0x00000000a3400000, 0x00000000a3400000| Untracked 
|  53|0x00000000a3500000, 0x00000000a3500000, 0x00000000a3600000|  0%| F|  |TAMS 0x00000000a3500000, 0x00000000a3500000| Untracked 
|  54|0x00000000a3600000, 0x00000000a3600000, 0x00000000a3700000|  0%| F|  |TAMS 0x00000000a3600000, 0x00000000a3600000| Untracked 
|  55|0x00000000a3700000, 0x00000000a3700000, 0x00000000a3800000|  0%| F|  |TAMS 0x00000000a3700000, 0x00000000a3700000| Untracked 
|  56|0x00000000a3800000, 0x00000000a3800000, 0x00000000a3900000|  0%| F|  |TAMS 0x00000000a3800000, 0x00000000a3800000| Untracked 
|  57|0x00000000a3900000, 0x00000000a3900000, 0x00000000a3a00000|  0%| F|  |TAMS 0x00000000a3900000, 0x00000000a3900000| Untracked 
|  58|0x00000000a3a00000, 0x00000000a3a00000, 0x00000000a3b00000|  0%| F|  |TAMS 0x00000000a3a00000, 0x00000000a3a00000| Untracked 
|  59|0x00000000a3b00000, 0x00000000a3b00000, 0x00000000a3c00000|  0%| F|  |TAMS 0x00000000a3b00000, 0x00000000a3b00000| Untracked 
|  60|0x00000000a3c00000, 0x00000000a3c00000, 0x00000000a3d00000|  0%| F|  |TAMS 0x00000000a3c00000, 0x00000000a3c00000| Untracked 
|  61|0x00000000a3d00000, 0x00000000a3d00000, 0x00000000a3e00000|  0%| F|  |TAMS 0x00000000a3d00000, 0x00000000a3d00000| Untracked 
|  62|0x00000000a3e00000, 0x00000000a3e00000, 0x00000000a3f00000|  0%| F|  |TAMS 0x00000000a3e00000, 0x00000000a3e00000| Untracked 
|  63|0x00000000a3f00000, 0x00000000a3f00000, 0x00000000a4000000|  0%| F|  |TAMS 0x00000000a3f00000, 0x00000000a3f00000| Untracked 
|  64|0x00000000a4000000, 0x00000000a4000000, 0x00000000a4100000|  0%| F|  |TAMS 0x00000000a4000000, 0x00000000a4000000| Untracked 
|  65|0x00000000a4100000, 0x00000000a4100000, 0x00000000a4200000|  0%| F|  |TAMS 0x00000000a4100000, 0x00000000a4100000| Untracked 
|  66|0x00000000a4200000, 0x00000000a4200000, 0x00000000a4300000|  0%| F|  |TAMS 0x00000000a4200000, 0x00000000a4200000| Untracked 
|  67|0x00000000a4300000, 0x00000000a4300000, 0x00000000a4400000|  0%| F|  |TAMS 0x00000000a4300000, 0x00000000a4300000| Untracked 
|  68|0x00000000a4400000, 0x00000000a4400000, 0x00000000a4500000|  0%| F|  |TAMS 0x00000000a4400000, 0x00000000a4400000| Untracked 
|  69|0x00000000a4500000, 0x00000000a4500000, 0x00000000a4600000|  0%| F|  |TAMS 0x00000000a4500000, 0x00000000a4500000| Untracked 
|  70|0x00000000a4600000, 0x00000000a4600000, 0x00000000a4700000|  0%| F|  |TAMS 0x00000000a4600000, 0x00000000a4600000| Untracked 
|  71|0x00000000a4700000, 0x00000000a4700000, 0x00000000a4800000|  0%| F|  |TAMS 0x00000000a4700000, 0x00000000a4700000| Untracked 
|  72|0x00000000a4800000, 0x00000000a4800000, 0x00000000a4900000|  0%| F|  |TAMS 0x00000000a4800000, 0x00000000a4800000| Untracked 
|  73|0x00000000a4900000, 0x00000000a4900000, 0x00000000a4a00000|  0%| F|  |TAMS 0x00000000a4900000, 0x00000000a4900000| Untracked 
|  74|0x00000000a4a00000, 0x00000000a4a00000, 0x00000000a4b00000|  0%| F|  |TAMS 0x00000000a4a00000, 0x00000000a4a00000| Untracked 
|  75|0x00000000a4b00000, 0x00000000a4b00000, 0x00000000a4c00000|  0%| F|  |TAMS 0x00000000a4b00000, 0x00000000a4b00000| Untracked 
|  76|0x00000000a4c00000, 0x00000000a4c00000, 0x00000000a4d00000|  0%| F|  |TAMS 0x00000000a4c00000, 0x00000000a4c00000| Untracked 
|  77|0x00000000a4d00000, 0x00000000a4d00000, 0x00000000a4e00000|  0%| F|  |TAMS 0x00000000a4d00000, 0x00000000a4d00000| Untracked 
|  78|0x00000000a4e00000, 0x00000000a4e00000, 0x00000000a4f00000|  0%| F|  |TAMS 0x00000000a4e00000, 0x00000000a4e00000| Untracked 
|  79|0x00000000a4f00000, 0x00000000a4f00000, 0x00000000a5000000|  0%| F|  |TAMS 0x00000000a4f00000, 0x00000000a4f00000| Untracked 
|  80|0x00000000a5000000, 0x00000000a5000000, 0x00000000a5100000|  0%| F|  |TAMS 0x00000000a5000000, 0x00000000a5000000| Untracked 
|  81|0x00000000a5100000, 0x00000000a5100000, 0x00000000a5200000|  0%| F|  |TAMS 0x00000000a5100000, 0x00000000a5100000| Untracked 
|  82|0x00000000a5200000, 0x00000000a5200000, 0x00000000a5300000|  0%| F|  |TAMS 0x00000000a5200000, 0x00000000a5200000| Untracked 
|  83|0x00000000a5300000, 0x00000000a5300000, 0x00000000a5400000|  0%| F|  |TAMS 0x00000000a5300000, 0x00000000a5300000| Untracked 
|  84|0x00000000a5400000, 0x00000000a5400000, 0x00000000a5500000|  0%| F|  |TAMS 0x00000000a5400000, 0x00000000a5400000| Untracked 
|  85|0x00000000a5500000, 0x00000000a5500000, 0x00000000a5600000|  0%| F|  |TAMS 0x00000000a5500000, 0x00000000a5500000| Untracked 
|  86|0x00000000a5600000, 0x00000000a5600000, 0x00000000a5700000|  0%| F|  |TAMS 0x00000000a5600000, 0x00000000a5600000| Untracked 
|  87|0x00000000a5700000, 0x00000000a5700000, 0x00000000a5800000|  0%| F|  |TAMS 0x00000000a5700000, 0x00000000a5700000| Untracked 
|  88|0x00000000a5800000, 0x00000000a5800000, 0x00000000a5900000|  0%| F|  |TAMS 0x00000000a5800000, 0x00000000a5800000| Untracked 
|  89|0x00000000a5900000, 0x00000000a5900000, 0x00000000a5a00000|  0%| F|  |TAMS 0x00000000a5900000, 0x00000000a5900000| Untracked 
|  90|0x00000000a5a00000, 0x00000000a5a00000, 0x00000000a5b00000|  0%| F|  |TAMS 0x00000000a5a00000, 0x00000000a5a00000| Untracked 
|  91|0x00000000a5b00000, 0x00000000a5b00000, 0x00000000a5c00000|  0%| F|  |TAMS 0x00000000a5b00000, 0x00000000a5b00000| Untracked 
|  92|0x00000000a5c00000, 0x00000000a5c00000, 0x00000000a5d00000|  0%| F|  |TAMS 0x00000000a5c00000, 0x00000000a5c00000| Untracked 
|  93|0x00000000a5d00000, 0x00000000a5d00000, 0x00000000a5e00000|  0%| F|  |TAMS 0x00000000a5d00000, 0x00000000a5d00000| Untracked 
|  94|0x00000000a5e00000, 0x00000000a5e983e8, 0x00000000a5f00000| 59%| S|CS|TAMS 0x00000000a5e00000, 0x00000000a5e00000| Complete 
|  95|0x00000000a5f00000, 0x00000000a6000000, 0x00000000a6000000|100%| S|CS|TAMS 0x00000000a5f00000, 0x00000000a5f00000| Complete 
|  96|0x00000000a6000000, 0x00000000a6100000, 0x00000000a6100000|100%| S|CS|TAMS 0x00000000a6000000, 0x00000000a6000000| Complete 
|  97|0x00000000a6100000, 0x00000000a6200000, 0x00000000a6200000|100%| S|CS|TAMS 0x00000000a6100000, 0x00000000a6100000| Complete 
|  98|0x00000000a6200000, 0x00000000a6300000, 0x00000000a6300000|100%| S|CS|TAMS 0x00000000a6200000, 0x00000000a6200000| Complete 
|  99|0x00000000a6300000, 0x00000000a6400000, 0x00000000a6400000|100%| S|CS|TAMS 0x00000000a6300000, 0x00000000a6300000| Complete 
| 100|0x00000000a6400000, 0x00000000a6500000, 0x00000000a6500000|100%| S|CS|TAMS 0x00000000a6400000, 0x00000000a6400000| Complete 
| 101|0x00000000a6500000, 0x00000000a6600000, 0x00000000a6600000|100%| S|CS|TAMS 0x00000000a6500000, 0x00000000a6500000| Complete 
| 102|0x00000000a6600000, 0x00000000a6700000, 0x00000000a6700000|100%| S|CS|TAMS 0x00000000a6600000, 0x00000000a6600000| Complete 
| 103|0x00000000a6700000, 0x00000000a6800000, 0x00000000a6800000|100%| S|CS|TAMS 0x00000000a6700000, 0x00000000a6700000| Complete 
| 104|0x00000000a6800000, 0x00000000a6900000, 0x00000000a6900000|100%| S|CS|TAMS 0x00000000a6800000, 0x00000000a6800000| Complete 
| 105|0x00000000a6900000, 0x00000000a6a00000, 0x00000000a6a00000|100%| S|CS|TAMS 0x00000000a6900000, 0x00000000a6900000| Complete 
| 106|0x00000000a6a00000, 0x00000000a6a00000, 0x00000000a6b00000|  0%| F|  |TAMS 0x00000000a6a00000, 0x00000000a6a00000| Untracked 
| 107|0x00000000a6b00000, 0x00000000a6b00000, 0x00000000a6c00000|  0%| F|  |TAMS 0x00000000a6b00000, 0x00000000a6b00000| Untracked 
| 108|0x00000000a6c00000, 0x00000000a6c00000, 0x00000000a6d00000|  0%| F|  |TAMS 0x00000000a6c00000, 0x00000000a6c00000| Untracked 
| 109|0x00000000a6d00000, 0x00000000a6d00000, 0x00000000a6e00000|  0%| F|  |TAMS 0x00000000a6d00000, 0x00000000a6d00000| Untracked 
| 110|0x00000000a6e00000, 0x00000000a6e00000, 0x00000000a6f00000|  0%| F|  |TAMS 0x00000000a6e00000, 0x00000000a6e00000| Untracked 
| 111|0x00000000a6f00000, 0x00000000a6f00000, 0x00000000a7000000|  0%| F|  |TAMS 0x00000000a6f00000, 0x00000000a6f00000| Untracked 
| 112|0x00000000a7000000, 0x00000000a7000000, 0x00000000a7100000|  0%| F|  |TAMS 0x00000000a7000000, 0x00000000a7000000| Untracked 
| 113|0x00000000a7100000, 0x00000000a7100000, 0x00000000a7200000|  0%| F|  |TAMS 0x00000000a7100000, 0x00000000a7100000| Untracked 
| 114|0x00000000a7200000, 0x00000000a7200000, 0x00000000a7300000|  0%| F|  |TAMS 0x00000000a7200000, 0x00000000a7200000| Untracked 
| 115|0x00000000a7300000, 0x00000000a7300000, 0x00000000a7400000|  0%| F|  |TAMS 0x00000000a7300000, 0x00000000a7300000| Untracked 
| 116|0x00000000a7400000, 0x00000000a7400000, 0x00000000a7500000|  0%| F|  |TAMS 0x00000000a7400000, 0x00000000a7400000| Untracked 
| 117|0x00000000a7500000, 0x00000000a7580800, 0x00000000a7600000| 50%| E|  |TAMS 0x00000000a7500000, 0x00000000a7500000| Complete 
| 118|0x00000000a7600000, 0x00000000a7700000, 0x00000000a7700000|100%| E|CS|TAMS 0x00000000a7600000, 0x00000000a7600000| Complete 
| 119|0x00000000a7700000, 0x00000000a7800000, 0x00000000a7800000|100%| E|CS|TAMS 0x00000000a7700000, 0x00000000a7700000| Complete 
| 120|0x00000000a7800000, 0x00000000a7900000, 0x00000000a7900000|100%| E|CS|TAMS 0x00000000a7800000, 0x00000000a7800000| Complete 
| 121|0x00000000a7900000, 0x00000000a7a00000, 0x00000000a7a00000|100%| E|CS|TAMS 0x00000000a7900000, 0x00000000a7900000| Complete 
| 122|0x00000000a7a00000, 0x00000000a7b00000, 0x00000000a7b00000|100%| E|CS|TAMS 0x00000000a7a00000, 0x00000000a7a00000| Complete 
| 123|0x00000000a7b00000, 0x00000000a7c00000, 0x00000000a7c00000|100%| E|CS|TAMS 0x00000000a7b00000, 0x00000000a7b00000| Complete 
| 124|0x00000000a7c00000, 0x00000000a7d00000, 0x00000000a7d00000|100%| E|CS|TAMS 0x00000000a7c00000, 0x00000000a7c00000| Complete 
| 125|0x00000000a7d00000, 0x00000000a7e00000, 0x00000000a7e00000|100%| E|CS|TAMS 0x00000000a7d00000, 0x00000000a7d00000| Complete 
| 126|0x00000000a7e00000, 0x00000000a7f00000, 0x00000000a7f00000|100%| E|CS|TAMS 0x00000000a7e00000, 0x00000000a7e00000| Complete 
| 127|0x00000000a7f00000, 0x00000000a8000000, 0x00000000a8000000|100%| E|CS|TAMS 0x00000000a7f00000, 0x00000000a7f00000| Complete 
| 128|0x00000000a8000000, 0x00000000a8100000, 0x00000000a8100000|100%| E|CS|TAMS 0x00000000a8000000, 0x00000000a8000000| Complete 
| 129|0x00000000a8100000, 0x00000000a8200000, 0x00000000a8200000|100%| E|CS|TAMS 0x00000000a8100000, 0x00000000a8100000| Complete 
| 130|0x00000000a8200000, 0x00000000a8300000, 0x00000000a8300000|100%| E|CS|TAMS 0x00000000a8200000, 0x00000000a8200000| Complete 
| 131|0x00000000a8300000, 0x00000000a8400000, 0x00000000a8400000|100%| E|  |TAMS 0x00000000a8300000, 0x00000000a8300000| Complete 
| 132|0x00000000a8400000, 0x00000000a8500000, 0x00000000a8500000|100%| E|CS|TAMS 0x00000000a8400000, 0x00000000a8400000| Complete 
| 133|0x00000000a8500000, 0x00000000a8600000, 0x00000000a8600000|100%| E|CS|TAMS 0x00000000a8500000, 0x00000000a8500000| Complete 
| 134|0x00000000a8600000, 0x00000000a8700000, 0x00000000a8700000|100%| E|CS|TAMS 0x00000000a8600000, 0x00000000a8600000| Complete 
| 135|0x00000000a8700000, 0x00000000a8800000, 0x00000000a8800000|100%| E|CS|TAMS 0x00000000a8700000, 0x00000000a8700000| Complete 
| 136|0x00000000a8800000, 0x00000000a8900000, 0x00000000a8900000|100%| E|CS|TAMS 0x00000000a8800000, 0x00000000a8800000| Complete 
| 137|0x00000000a8900000, 0x00000000a8a00000, 0x00000000a8a00000|100%| E|CS|TAMS 0x00000000a8900000, 0x00000000a8900000| Complete 
| 138|0x00000000a8a00000, 0x00000000a8b00000, 0x00000000a8b00000|100%| E|CS|TAMS 0x00000000a8a00000, 0x00000000a8a00000| Complete 
| 139|0x00000000a8b00000, 0x00000000a8c00000, 0x00000000a8c00000|100%| E|CS|TAMS 0x00000000a8b00000, 0x00000000a8b00000| Complete 
| 140|0x00000000a8c00000, 0x00000000a8d00000, 0x00000000a8d00000|100%| E|CS|TAMS 0x00000000a8c00000, 0x00000000a8c00000| Complete 
| 141|0x00000000a8d00000, 0x00000000a8e00000, 0x00000000a8e00000|100%| E|CS|TAMS 0x00000000a8d00000, 0x00000000a8d00000| Complete 
| 142|0x00000000a8e00000, 0x00000000a8f00000, 0x00000000a8f00000|100%| E|CS|TAMS 0x00000000a8e00000, 0x00000000a8e00000| Complete 
| 143|0x00000000a8f00000, 0x00000000a9000000, 0x00000000a9000000|100%| E|CS|TAMS 0x00000000a8f00000, 0x00000000a8f00000| Complete 
| 144|0x00000000a9000000, 0x00000000a9100000, 0x00000000a9100000|100%| E|CS|TAMS 0x00000000a9000000, 0x00000000a9000000| Complete 
| 145|0x00000000a9100000, 0x00000000a9200000, 0x00000000a9200000|100%| E|CS|TAMS 0x00000000a9100000, 0x00000000a9100000| Complete 
| 146|0x00000000a9200000, 0x00000000a9300000, 0x00000000a9300000|100%| E|CS|TAMS 0x00000000a9200000, 0x00000000a9200000| Complete 
| 147|0x00000000a9300000, 0x00000000a9400000, 0x00000000a9400000|100%| E|CS|TAMS 0x00000000a9300000, 0x00000000a9300000| Complete 
| 148|0x00000000a9400000, 0x00000000a9500000, 0x00000000a9500000|100%| E|CS|TAMS 0x00000000a9400000, 0x00000000a9400000| Complete 
| 149|0x00000000a9500000, 0x00000000a9600000, 0x00000000a9600000|100%| E|CS|TAMS 0x00000000a9500000, 0x00000000a9500000| Complete 
| 150|0x00000000a9600000, 0x00000000a9700000, 0x00000000a9700000|100%| E|CS|TAMS 0x00000000a9600000, 0x00000000a9600000| Complete 
| 151|0x00000000a9700000, 0x00000000a9800000, 0x00000000a9800000|100%| E|CS|TAMS 0x00000000a9700000, 0x00000000a9700000| Complete 
| 152|0x00000000a9800000, 0x00000000a9900000, 0x00000000a9900000|100%| E|CS|TAMS 0x00000000a9800000, 0x00000000a9800000| Complete 
| 153|0x00000000a9900000, 0x00000000a9a00000, 0x00000000a9a00000|100%| E|CS|TAMS 0x00000000a9900000, 0x00000000a9900000| Complete 
| 154|0x00000000a9a00000, 0x00000000a9b00000, 0x00000000a9b00000|100%| E|CS|TAMS 0x00000000a9a00000, 0x00000000a9a00000| Complete 
| 155|0x00000000a9b00000, 0x00000000a9c00000, 0x00000000a9c00000|100%| E|CS|TAMS 0x00000000a9b00000, 0x00000000a9b00000| Complete 
| 156|0x00000000a9c00000, 0x00000000a9d00000, 0x00000000a9d00000|100%| E|CS|TAMS 0x00000000a9c00000, 0x00000000a9c00000| Complete 
| 157|0x00000000a9d00000, 0x00000000a9e00000, 0x00000000a9e00000|100%| E|CS|TAMS 0x00000000a9d00000, 0x00000000a9d00000| Complete 
| 158|0x00000000a9e00000, 0x00000000a9f00000, 0x00000000a9f00000|100%| E|CS|TAMS 0x00000000a9e00000, 0x00000000a9e00000| Complete 
| 159|0x00000000a9f00000, 0x00000000aa000000, 0x00000000aa000000|100%| E|CS|TAMS 0x00000000a9f00000, 0x00000000a9f00000| Complete 
| 160|0x00000000aa000000, 0x00000000aa100000, 0x00000000aa100000|100%| E|CS|TAMS 0x00000000aa000000, 0x00000000aa000000| Complete 
| 161|0x00000000aa100000, 0x00000000aa200000, 0x00000000aa200000|100%| E|CS|TAMS 0x00000000aa100000, 0x00000000aa100000| Complete 
| 162|0x00000000aa200000, 0x00000000aa300000, 0x00000000aa300000|100%| E|CS|TAMS 0x00000000aa200000, 0x00000000aa200000| Complete 
| 163|0x00000000aa300000, 0x00000000aa400000, 0x00000000aa400000|100%| E|CS|TAMS 0x00000000aa300000, 0x00000000aa300000| Complete 
| 164|0x00000000aa400000, 0x00000000aa500000, 0x00000000aa500000|100%| E|CS|TAMS 0x00000000aa400000, 0x00000000aa400000| Complete 
| 165|0x00000000aa500000, 0x00000000aa600000, 0x00000000aa600000|100%| E|CS|TAMS 0x00000000aa500000, 0x00000000aa500000| Complete 
| 166|0x00000000aa600000, 0x00000000aa700000, 0x00000000aa700000|100%| E|CS|TAMS 0x00000000aa600000, 0x00000000aa600000| Complete 
| 167|0x00000000aa700000, 0x00000000aa800000, 0x00000000aa800000|100%| E|CS|TAMS 0x00000000aa700000, 0x00000000aa700000| Complete 
| 168|0x00000000aa800000, 0x00000000aa900000, 0x00000000aa900000|100%| E|CS|TAMS 0x00000000aa800000, 0x00000000aa800000| Complete 
| 169|0x00000000aa900000, 0x00000000aaa00000, 0x00000000aaa00000|100%| E|CS|TAMS 0x00000000aa900000, 0x00000000aa900000| Complete 
| 170|0x00000000aaa00000, 0x00000000aab00000, 0x00000000aab00000|100%| E|CS|TAMS 0x00000000aaa00000, 0x00000000aaa00000| Complete 
| 171|0x00000000aab00000, 0x00000000aac00000, 0x00000000aac00000|100%| E|CS|TAMS 0x00000000aab00000, 0x00000000aac00000| Complete 
| 172|0x00000000aac00000, 0x00000000aad00000, 0x00000000aad00000|100%| E|CS|TAMS 0x00000000aac00000, 0x00000000aad00000| Complete 
| 173|0x00000000aad00000, 0x00000000aae00000, 0x00000000aae00000|100%| E|CS|TAMS 0x00000000aad00000, 0x00000000aae00000| Complete 
| 174|0x00000000aae00000, 0x00000000aaf00000, 0x00000000aaf00000|100%| E|CS|TAMS 0x00000000aae00000, 0x00000000aaf00000| Complete 
| 175|0x00000000aaf00000, 0x00000000ab000000, 0x00000000ab000000|100%| E|CS|TAMS 0x00000000aaf00000, 0x00000000ab000000| Complete 
| 176|0x00000000ab000000, 0x00000000ab100000, 0x00000000ab100000|100%| E|CS|TAMS 0x00000000ab000000, 0x00000000ab100000| Complete 
| 177|0x00000000ab100000, 0x00000000ab200000, 0x00000000ab200000|100%| E|CS|TAMS 0x00000000ab100000, 0x00000000ab200000| Complete 
| 178|0x00000000ab200000, 0x00000000ab300000, 0x00000000ab300000|100%| E|CS|TAMS 0x00000000ab200000, 0x00000000ab300000| Complete 
| 179|0x00000000ab300000, 0x00000000ab400000, 0x00000000ab400000|100%| E|CS|TAMS 0x00000000ab300000, 0x00000000ab400000| Complete 
| 180|0x00000000ab400000, 0x00000000ab500000, 0x00000000ab500000|100%| E|CS|TAMS 0x00000000ab400000, 0x00000000ab500000| Complete 
| 181|0x00000000ab500000, 0x00000000ab600000, 0x00000000ab600000|100%| E|CS|TAMS 0x00000000ab500000, 0x00000000ab600000| Complete 
| 182|0x00000000ab600000, 0x00000000ab700000, 0x00000000ab700000|100%| E|CS|TAMS 0x00000000ab600000, 0x00000000ab700000| Complete 
| 183|0x00000000ab700000, 0x00000000ab800000, 0x00000000ab800000|100%| E|CS|TAMS 0x00000000ab700000, 0x00000000ab800000| Complete 
| 184|0x00000000ab800000, 0x00000000ab900000, 0x00000000ab900000|100%| E|CS|TAMS 0x00000000ab800000, 0x00000000ab900000| Complete 
| 185|0x00000000ab900000, 0x00000000aba00000, 0x00000000aba00000|100%| E|CS|TAMS 0x00000000ab900000, 0x00000000aba00000| Complete 
| 186|0x00000000aba00000, 0x00000000abb00000, 0x00000000abb00000|100%| E|CS|TAMS 0x00000000aba00000, 0x00000000abb00000| Complete 
| 187|0x00000000abb00000, 0x00000000abc00000, 0x00000000abc00000|100%| E|CS|TAMS 0x00000000abb00000, 0x00000000abc00000| Complete 
| 188|0x00000000abc00000, 0x00000000abd00000, 0x00000000abd00000|100%| E|CS|TAMS 0x00000000abc00000, 0x00000000abd00000| Complete 
| 189|0x00000000abd00000, 0x00000000abe00000, 0x00000000abe00000|100%| E|CS|TAMS 0x00000000abd00000, 0x00000000abe00000| Complete 
| 190|0x00000000abe00000, 0x00000000abf00000, 0x00000000abf00000|100%| E|CS|TAMS 0x00000000abe00000, 0x00000000abf00000| Complete 
| 191|0x00000000abf00000, 0x00000000ac000000, 0x00000000ac000000|100%| E|CS|TAMS 0x00000000abf00000, 0x00000000ac000000| Complete 
| 192|0x00000000ac000000, 0x00000000ac100000, 0x00000000ac100000|100%| E|CS|TAMS 0x00000000ac000000, 0x00000000ac100000| Complete 
| 193|0x00000000ac100000, 0x00000000ac200000, 0x00000000ac200000|100%| E|CS|TAMS 0x00000000ac100000, 0x00000000ac200000| Complete 
| 194|0x00000000ac200000, 0x00000000ac300000, 0x00000000ac300000|100%| E|CS|TAMS 0x00000000ac200000, 0x00000000ac300000| Complete 
| 195|0x00000000ac300000, 0x00000000ac400000, 0x00000000ac400000|100%| E|CS|TAMS 0x00000000ac300000, 0x00000000ac400000| Complete 
| 196|0x00000000ac400000, 0x00000000ac500000, 0x00000000ac500000|100%| E|CS|TAMS 0x00000000ac400000, 0x00000000ac500000| Complete 
| 197|0x00000000ac500000, 0x00000000ac600000, 0x00000000ac600000|100%| E|CS|TAMS 0x00000000ac500000, 0x00000000ac600000| Complete 
| 198|0x00000000ac600000, 0x00000000ac700000, 0x00000000ac700000|100%| E|CS|TAMS 0x00000000ac600000, 0x00000000ac700000| Complete 
| 199|0x00000000ac700000, 0x00000000ac800000, 0x00000000ac800000|100%| E|CS|TAMS 0x00000000ac700000, 0x00000000ac800000| Complete 
| 200|0x00000000ac800000, 0x00000000ac900000, 0x00000000ac900000|100%| E|CS|TAMS 0x00000000ac800000, 0x00000000ac900000| Complete 
| 201|0x00000000ac900000, 0x00000000aca00000, 0x00000000aca00000|100%| E|CS|TAMS 0x00000000ac900000, 0x00000000aca00000| Complete 
| 202|0x00000000aca00000, 0x00000000acb00000, 0x00000000acb00000|100%| E|CS|TAMS 0x00000000aca00000, 0x00000000acb00000| Complete 
| 203|0x00000000acb00000, 0x00000000acc00000, 0x00000000acc00000|100%| E|CS|TAMS 0x00000000acb00000, 0x00000000acc00000| Complete 
| 204|0x00000000acc00000, 0x00000000acd00000, 0x00000000acd00000|100%| E|CS|TAMS 0x00000000acc00000, 0x00000000acd00000| Complete 
| 205|0x00000000acd00000, 0x00000000ace00000, 0x00000000ace00000|100%| E|CS|TAMS 0x00000000acd00000, 0x00000000ace00000| Complete 
| 206|0x00000000ace00000, 0x00000000acf00000, 0x00000000acf00000|100%| E|CS|TAMS 0x00000000ace00000, 0x00000000acf00000| Complete 
| 207|0x00000000acf00000, 0x00000000ad000000, 0x00000000ad000000|100%| E|CS|TAMS 0x00000000acf00000, 0x00000000ad000000| Complete 
| 208|0x00000000ad000000, 0x00000000ad100000, 0x00000000ad100000|100%| E|CS|TAMS 0x00000000ad000000, 0x00000000ad100000| Complete 
| 209|0x00000000ad100000, 0x00000000ad200000, 0x00000000ad200000|100%| E|CS|TAMS 0x00000000ad100000, 0x00000000ad200000| Complete 
| 210|0x00000000ad200000, 0x00000000ad300000, 0x00000000ad300000|100%| E|CS|TAMS 0x00000000ad200000, 0x00000000ad300000| Complete 
| 211|0x00000000ad300000, 0x00000000ad400000, 0x00000000ad400000|100%| E|CS|TAMS 0x00000000ad300000, 0x00000000ad400000| Complete 
| 212|0x00000000ad400000, 0x00000000ad500000, 0x00000000ad500000|100%| E|CS|TAMS 0x00000000ad400000, 0x00000000ad500000| Complete 
| 213|0x00000000ad500000, 0x00000000ad600000, 0x00000000ad600000|100%| E|CS|TAMS 0x00000000ad500000, 0x00000000ad600000| Complete 
| 214|0x00000000ad600000, 0x00000000ad700000, 0x00000000ad700000|100%| E|CS|TAMS 0x00000000ad600000, 0x00000000ad700000| Complete 
| 215|0x00000000ad700000, 0x00000000ad800000, 0x00000000ad800000|100%| E|CS|TAMS 0x00000000ad700000, 0x00000000ad800000| Complete 
| 216|0x00000000ad800000, 0x00000000ad900000, 0x00000000ad900000|100%| E|CS|TAMS 0x00000000ad800000, 0x00000000ad900000| Complete 
| 217|0x00000000ad900000, 0x00000000ada00000, 0x00000000ada00000|100%| E|CS|TAMS 0x00000000ad900000, 0x00000000ada00000| Complete 
| 218|0x00000000ada00000, 0x00000000adb00000, 0x00000000adb00000|100%| E|CS|TAMS 0x00000000ada00000, 0x00000000adb00000| Complete 
| 219|0x00000000adb00000, 0x00000000adc00000, 0x00000000adc00000|100%| E|CS|TAMS 0x00000000adb00000, 0x00000000adc00000| Complete 
| 220|0x00000000adc00000, 0x00000000add00000, 0x00000000add00000|100%| E|CS|TAMS 0x00000000adc00000, 0x00000000add00000| Complete 
| 221|0x00000000add00000, 0x00000000ade00000, 0x00000000ade00000|100%| E|CS|TAMS 0x00000000add00000, 0x00000000ade00000| Complete 

Card table byte_map: [0x00000205f4e70000,0x00000205f5170000] _byte_map_base: 0x00000205f4970000

Marking Bits (Prev, Next): (CMBitMap*) 0x00000205e9d20d88, (CMBitMap*) 0x00000205e9d20dc0
 Prev Bits: [0x00000205f5470000, 0x00000205f6c70000)
 Next Bits: [0x00000205f6c70000, 0x00000205f8470000)

Polling page: 0x00000205e9dc0000

Metaspace:

Usage:
  Non-class:     47.67 MB capacity,    46.87 MB ( 98%) used,   700.63 KB (  1%) free+waste,   120.06 KB ( <1%) overhead. 
      Class:      7.20 MB capacity,     6.77 MB ( 94%) used,   378.91 KB (  5%) free+waste,    56.25 KB ( <1%) overhead. 
       Both:     54.87 MB capacity,    53.64 MB ( 98%) used,     1.05 MB (  2%) free+waste,   176.31 KB ( <1%) overhead. 

Virtual space:
  Non-class space:       58.00 MB reserved,      47.70 MB ( 82%) committed 
      Class space:        1.00 GB reserved,       7.25 MB ( <1%) committed 
             Both:        1.06 GB reserved,      54.95 MB (  5%) committed 

Chunk freelists:
   Non-Class:  31.00 KB
       Class:  24.00 KB
        Both:  55.00 KB

MaxMetaspaceSize: 17179869184.00 GB
CompressedClassSpaceSize: 1.00 GB

CodeHeap 'non-profiled nmethods': size=119168Kb used=2696Kb max_used=2696Kb free=116471Kb
 bounds [0x0000020587ba0000, 0x0000020587e50000, 0x000002058f000000]
CodeHeap 'profiled nmethods': size=119168Kb used=11445Kb max_used=11445Kb free=107722Kb
 bounds [0x0000020580740000, 0x0000020581270000, 0x0000020587ba0000]
CodeHeap 'non-nmethods': size=7424Kb used=3916Kb max_used=3961Kb free=3507Kb
 bounds [0x0000020580000000, 0x00000205803f0000, 0x0000020580740000]
 total_blobs=6076 nmethods=5277 adapters=706
 compilation: enabled
              stopped_count=0, restarted_count=0
 full_count=0

Compilation events (20 events):
Event: 5.643 Thread 0x0000020591aae800 nmethod 5223 0x0000020581231610 code [0x00000205812317e0, 0x00000205812319f8]
Event: 5.643 Thread 0x00000205fc990800 nmethod 5220 0x0000020587e36590 code [0x0000020587e36720, 0x0000020587e36918]
Event: 5.645 Thread 0x00000205fbde3800 5224       3       java.security.CodeSource::getCertificates (98 bytes)
Event: 5.646 Thread 0x00000205fbde3800 nmethod 5224 0x0000020581231a90 code [0x0000020581231d00, 0x0000020581232848]
Event: 5.646 Thread 0x00000205fcc56000 5225       3       java.util.LinkedHashMap$LinkedValues::size (8 bytes)
Event: 5.646 Thread 0x00000205fcc56000 nmethod 5225 0x0000020581232b90 code [0x0000020581232d40, 0x0000020581232e58]
Event: 5.647 Thread 0x00000205fbf4d000 nmethod 5222% 0x0000020581232f10 code [0x0000020581233720, 0x0000020581238b88]
Event: 5.647 Thread 0x00000205fc990800 5226       4       org.objectweb.asm.MethodWriter::computeAllFrames (510 bytes)
Event: 5.647 Thread 0x00000205fbde3800 5227       3       org.gradle.internal.instantiation.generator.AsmBackedClassGenerator$ClassBuilderImpl::addLazyGetter (22 bytes)
Event: 5.647 Thread 0x00000205fcc56000 5228       3       org.gradle.internal.instantiation.generator.AsmBackedClassGenerator$ClassBuilderImpl$$Lambda$113/0x00000001002ff040::get$Lambda (12 bytes)
Event: 5.647 Thread 0x00000205fbf4d000 5229       3       org.gradle.internal.instantiation.generator.AsmBackedClassGenerator$ClassBuilderImpl$$Lambda$113/0x00000001002ff040::<init> (26 bytes)
Event: 5.648 Thread 0x0000020591aae800 5230       3       org.gradle.internal.instantiation.generator.AsmBackedClassGenerator$ClassBuilderImpl$$Lambda$113/0x00000001002ff040::add (21 bytes)
Event: 5.648 Thread 0x00000205fcc56000 nmethod 5228 0x000002058123a510 code [0x000002058123a6e0, 0x000002058123aa58]
Event: 5.648 Thread 0x00000205fcc56000 5231       3       org.gradle.internal.instantiation.generator.AsmBackedClassGenerator$ClassBuilderImpl::lambda$addLazyGetter$5 (131 bytes)
Event: 5.648 Thread 0x00000205fbf4d000 nmethod 5229 0x000002058123ab90 code [0x000002058123ad60, 0x000002058123b038]
Event: 5.648 Thread 0x00000205fbde3800 nmethod 5227 0x000002058123b110 code [0x000002058123b320, 0x000002058123b838]
Event: 5.648 Thread 0x0000020591aae800 nmethod 5230 0x000002058123ba90 code [0x000002058123bc40, 0x000002058123bd88]
Event: 5.648 Thread 0x00000205fcc56000 nmethod 5231 0x000002058123be90 code [0x000002058123c160, 0x000002058123cf18]
Event: 5.651 Thread 0x00000205fbde3800 5232       3       org.objectweb.asm.AnnotationWriter::visit (959 bytes)
Event: 5.652 Thread 0x00000205fbf4d000 5233       3       sun.reflect.annotation.AnnotationParser::parseArray (226 bytes)

GC Heap History (10 events):
Event: 0.594 GC heap before
{Heap before GC invocations=0 (full 0):
 garbage-first heap   total 227328K, used 29696K [0x00000000a0000000, 0x0000000100000000)
  region size 1024K, 24 young (24576K), 0 survivors (0K)
 Metaspace       used 10474K, capacity 10764K, committed 11008K, reserved 1058816K
  class space    used 1086K, capacity 1160K, committed 1280K, reserved 1048576K
}
Event: 0.597 GC heap after
{Heap after GC invocations=1 (full 0):
 garbage-first heap   total 227328K, used 8558K [0x00000000a0000000, 0x0000000100000000)
  region size 1024K, 3 young (3072K), 3 survivors (3072K)
 Metaspace       used 10474K, capacity 10764K, committed 11008K, reserved 1058816K
  class space    used 1086K, capacity 1160K, committed 1280K, reserved 1048576K
}
Event: 2.885 GC heap before
{Heap before GC invocations=1 (full 0):
 garbage-first heap   total 227328K, used 90478K [0x00000000a0000000, 0x0000000100000000)
  region size 1024K, 84 young (86016K), 3 survivors (3072K)
 Metaspace       used 20748K, capacity 21177K, committed 21248K, reserved 1069056K
  class space    used 2422K, capacity 2542K, committed 2560K, reserved 1048576K
}
Event: 2.891 GC heap after
{Heap after GC invocations=2 (full 0):
 garbage-first heap   total 227328K, used 15817K [0x00000000a0000000, 0x0000000100000000)
  region size 1024K, 11 young (11264K), 11 survivors (11264K)
 Metaspace       used 20748K, capacity 21177K, committed 21248K, reserved 1069056K
  class space    used 2422K, capacity 2542K, committed 2560K, reserved 1048576K
}
Event: 3.223 GC heap before
{Heap before GC invocations=3 (full 0):
 garbage-first heap   total 227328K, used 53705K [0x00000000a0000000, 0x0000000100000000)
  region size 1024K, 48 young (49152K), 11 survivors (11264K)
 Metaspace       used 25399K, capacity 26011K, committed 26236K, reserved 1073152K
  class space    used 3196K, capacity 3391K, committed 3456K, reserved 1048576K
}
Event: 3.228 GC heap after
{Heap after GC invocations=4 (full 0):
 garbage-first heap   total 227328K, used 17497K [0x00000000a0000000, 0x0000000100000000)
  region size 1024K, 3 young (3072K), 3 survivors (3072K)
 Metaspace       used 25399K, capacity 26011K, committed 26236K, reserved 1073152K
  class space    used 3196K, capacity 3391K, committed 3456K, reserved 1048576K
}
Event: 3.908 GC heap before
{Heap before GC invocations=4 (full 0):
 garbage-first heap   total 227328K, used 74841K [0x00000000a0000000, 0x0000000100000000)
  region size 1024K, 61 young (62464K), 3 survivors (3072K)
 Metaspace       used 35217K, capacity 35880K, committed 36048K, reserved 1081344K
  class space    used 4479K, capacity 4746K, committed 4864K, reserved 1048576K
}
Event: 3.914 GC heap after
{Heap after GC invocations=5 (full 0):
 garbage-first heap   total 227328K, used 20879K [0x00000000a0000000, 0x0000000100000000)
  region size 1024K, 6 young (6144K), 6 survivors (6144K)
 Metaspace       used 35217K, capacity 35880K, committed 36048K, reserved 1081344K
  class space    used 4479K, capacity 4746K, committed 4864K, reserved 1048576K
}
Event: 4.760 GC heap before
{Heap before GC invocations=6 (full 0):
 garbage-first heap   total 227328K, used 135567K [0x00000000a0000000, 0x0000000100000000)
  region size 1024K, 116 young (118784K), 6 survivors (6144K)
 Metaspace       used 43452K, capacity 44384K, committed 44496K, reserved 1087488K
  class space    used 5532K, capacity 5864K, committed 5888K, reserved 1048576K
}
Event: 4.766 GC heap after
{Heap after GC invocations=7 (full 0):
 garbage-first heap   total 227328K, used 27260K [0x00000000a0000000, 0x0000000100000000)
  region size 1024K, 12 young (12288K), 12 survivors (12288K)
 Metaspace       used 43452K, capacity 44384K, committed 44496K, reserved 1087488K
  class space    used 5532K, capacity 5864K, committed 5888K, reserved 1048576K
}

Deoptimization events (20 events):
Event: 5.601 Thread 0x00000205fcdae800 DEOPT PACKING pc=0x000002058120a628 sp=0x00000051438f4840
Event: 5.601 Thread 0x00000205fcdae800 DEOPT UNPACKING pc=0x00000205800276ce sp=0x00000051438f3cf8 mode 0
Event: 5.602 Thread 0x00000205fcdae800 DEOPT PACKING pc=0x000002058120a628 sp=0x00000051438f4840
Event: 5.602 Thread 0x00000205fcdae800 DEOPT UNPACKING pc=0x00000205800276ce sp=0x00000051438f3cf8 mode 0
Event: 5.602 Thread 0x00000205fcdae800 DEOPT PACKING pc=0x000002058120a628 sp=0x00000051438f4840
Event: 5.602 Thread 0x00000205fcdae800 DEOPT UNPACKING pc=0x00000205800276ce sp=0x00000051438f3cf8 mode 0
Event: 5.602 Thread 0x00000205fcdae800 DEOPT PACKING pc=0x000002058120a628 sp=0x00000051438f4840
Event: 5.602 Thread 0x00000205fcdae800 DEOPT UNPACKING pc=0x00000205800276ce sp=0x00000051438f3cf8 mode 0
Event: 5.602 Thread 0x00000205fcdae800 DEOPT PACKING pc=0x000002058120a628 sp=0x00000051438f4840
Event: 5.602 Thread 0x00000205fcdae800 DEOPT UNPACKING pc=0x00000205800276ce sp=0x00000051438f3cf8 mode 0
Event: 5.603 Thread 0x00000205fcdae800 DEOPT PACKING pc=0x000002058120a628 sp=0x00000051438f4840
Event: 5.603 Thread 0x00000205fcdae800 DEOPT UNPACKING pc=0x00000205800276ce sp=0x00000051438f3cf8 mode 0
Event: 5.603 Thread 0x00000205fcdae800 DEOPT PACKING pc=0x000002058120a628 sp=0x00000051438f4840
Event: 5.603 Thread 0x00000205fcdae800 DEOPT UNPACKING pc=0x00000205800276ce sp=0x00000051438f3cf8 mode 0
Event: 5.603 Thread 0x00000205fcdae800 DEOPT PACKING pc=0x000002058120a628 sp=0x00000051438f4840
Event: 5.603 Thread 0x00000205fcdae800 DEOPT UNPACKING pc=0x00000205800276ce sp=0x00000051438f3cf8 mode 0
Event: 5.603 Thread 0x00000205fcdae800 DEOPT PACKING pc=0x000002058120a628 sp=0x00000051438f4840
Event: 5.603 Thread 0x00000205fcdae800 DEOPT UNPACKING pc=0x00000205800276ce sp=0x00000051438f3cf8 mode 0
Event: 5.603 Thread 0x00000205fcdae800 DEOPT PACKING pc=0x000002058120a628 sp=0x00000051438f4840
Event: 5.603 Thread 0x00000205fcdae800 DEOPT UNPACKING pc=0x00000205800276ce sp=0x00000051438f3cf8 mode 0

Classes redefined (0 events):
No events

Internal exceptions (20 events):
Event: 4.926 Thread 0x00000205fdfc3800 Exception <a 'java/lang/NoSuchMethodError'{0x00000000ac221ef0}: <clinit>> (0x00000000ac221ef0) thrown at [./src/hotspot/share/prims/jni.cpp, line 1362]
Event: 4.927 Thread 0x00000205fdfc3800 Exception <a 'java/lang/NoSuchMethodError'{0x00000000ac2530c0}: <clinit>> (0x00000000ac2530c0) thrown at [./src/hotspot/share/prims/jni.cpp, line 1362]
Event: 4.928 Thread 0x00000205fdfc3800 Exception <a 'java/lang/NoSuchMethodError'{0x00000000ac2e6a38}: <clinit>> (0x00000000ac2e6a38) thrown at [./src/hotspot/share/prims/jni.cpp, line 1362]
Event: 4.940 Thread 0x00000205fcdae800 Exception <a 'java/lang/ClassNotFoundException'{0x00000000ac2d6a30}: build_cwezdvaokbdpl83udxbyx8o15BeanInfo> (0x00000000ac2d6a30) thrown at [./src/hotspot/share/classfile/systemDictionary.cpp, line 231]
Event: 4.940 Thread 0x00000205fcdae800 Exception <a 'java/lang/ClassNotFoundException'{0x00000000ac105d18}: build_cwezdvaokbdpl83udxbyx8o15Customizer> (0x00000000ac105d18) thrown at [./src/hotspot/share/classfile/systemDictionary.cpp, line 231]
Event: 4.945 Thread 0x00000205fcdae800 Exception <a 'java/lang/ClassNotFoundException'{0x00000000ac158158}: org/gradle/api/internal/plugins/DefaultObjectConfigurationActionBeanInfo> (0x00000000ac158158) thrown at [./src/hotspot/share/classfile/systemDictionary.cpp, line 231]
Event: 4.945 Thread 0x00000205fcdae800 Exception <a 'java/lang/ClassNotFoundException'{0x00000000ac17ffb8}: org/gradle/api/internal/plugins/DefaultObjectConfigurationActionCustomizer> (0x00000000ac17ffb8) thrown at [./src/hotspot/share/classfile/systemDictionary.cpp, line 231]
Event: 5.004 Thread 0x00000205fcdae800 Exception <a 'java/lang/NoSuchMethodError'{0x00000000abb5f698}: 'void java.lang.invoke.DirectMethodHandle$Holder.invokeStatic(java.lang.Object, java.lang.Object, java.lang.Object, java.lang.Object, java.lang.Object)'> (0x00000000abb5f698) thrown at [./src/hotspot/share/interpreter/linkResolver.cpp, line 773]
Event: 5.080 Thread 0x00000205fcdae800 Exception <a 'java/lang/NoSuchMethodError'{0x00000000ab4e7868}: 'java.lang.Object java.lang.invoke.DelegatingMethodHandle$Holder.reinvoke_L(java.lang.Object, java.lang.Object, java.lang.Object, java.lang.Object, java.lang.Object, java.lang.Object, java.lang.Object, java.lang.Object, java.lang.Object, java.lang.Object, java.lang.Object, java.lang.Object, java.lang.Object, java.lang.Object, java.lang.Object, java.lang.Object, java.lang.Object)'> (0x00000000ab4e7868) thrown at [./src/hotspot/share/interpreter
Event: 5.081 Thread 0x00000205fcdae800 Exception <a 'java/lang/NoSuchMethodError'{0x00000000ab4f21b8}: 'java.lang.Object java.lang.invoke.Invokers$Holder.invoker(java.lang.Object, java.lang.Object, java.lang.Object, java.lang.Object, java.lang.Object, java.lang.Object, java.lang.Object, java.lang.Object, java.lang.Object, java.lang.Object, java.lang.Object, java.lang.Object, java.lang.Object, java.lang.Object, java.lang.Object, java.lang.Object, java.lang.Object)'> (0x00000000ab4f21b8) thrown at [./src/hotspot/share/interpreter/linkResolver.cpp
Event: 5.081 Thread 0x00000205fcdae800 Exception <a 'java/lang/NoSuchMethodError'{0x00000000ab4f8ac0}: 'java.lang.Object java.lang.invoke.DelegatingMethodHandle$Holder.delegate(java.lang.Object, java.lang.Object, java.lang.Object, java.lang.Object, java.lang.Object, java.lang.Object, java.lang.Object, java.lang.Object, java.lang.Object, java.lang.Object, java.lang.Object, java.lang.Object, java.lang.Object, java.lang.Object, java.lang.Object, java.lang.Object, java.lang.Object)'> (0x00000000ab4f8ac0) thrown at [./src/hotspot/share/interpreter/l
Event: 5.084 Thread 0x00000205fcdae800 Exception <a 'java/lang/NoSuchMethodError'{0x00000000ab33cfa0}: 'java.lang.Object java.lang.invoke.DirectMethodHandle$Holder.invokeStatic(java.lang.Object, java.lang.Object, java.lang.Object, java.lang.Object, java.lang.Object, java.lang.Object, java.lang.Object, java.lang.Object, java.lang.Object, java.lang.Object, java.lang.Object, java.lang.Object, java.lang.Object, java.lang.Object, java.lang.Object)'> (0x00000000ab33cfa0) thrown at [./src/hotspot/share/interpreter/linkResolver.cpp, line 773]
Event: 5.085 Thread 0x00000205fcdae800 Exception <a 'java/lang/NoSuchMethodError'{0x00000000ab34c450}: 'java.lang.Object java.lang.invoke.DirectMethodHandle$Holder.invokeStatic(java.lang.Object, java.lang.Object, java.lang.Object, java.lang.Object, java.lang.Object, java.lang.Object, java.lang.Object, java.lang.Object, java.lang.Object, java.lang.Object, java.lang.Object, java.lang.Object, java.lang.Object, java.lang.Object, java.lang.Object, java.lang.Object)'> (0x00000000ab34c450) thrown at [./src/hotspot/share/interpreter/linkResolver.cpp, l
Event: 5.086 Thread 0x00000205fcdae800 Exception <a 'java/lang/NoSuchMethodError'{0x00000000ab35b600}: 'java.lang.Object java.lang.invoke.DelegatingMethodHandle$Holder.reinvoke_L(java.lang.Object, java.lang.Object, java.lang.Object, java.lang.Object, java.lang.Object, java.lang.Object, java.lang.Object, java.lang.Object, java.lang.Object, java.lang.Object, java.lang.Object, java.lang.Object, java.lang.Object, java.lang.Object, java.lang.Object, java.lang.Object)'> (0x00000000ab35b600) thrown at [./src/hotspot/share/interpreter/linkResolver.cpp,
Event: 5.121 Thread 0x00000205fcdae800 Exception <a 'java/lang/NoSuchMethodError'{0x00000000ab1c15f8}: 'java.lang.Object java.lang.invoke.DirectMethodHandle$Holder.invokeStatic(java.lang.Object, java.lang.Object, java.lang.Object, java.lang.Object, int)'> (0x00000000ab1c15f8) thrown at [./src/hotspot/share/interpreter/linkResolver.cpp, line 773]
Event: 5.121 Thread 0x00000205fcdae800 Exception <a 'java/lang/NoSuchMethodError'{0x00000000ab1c5ff0}: 'java.lang.Object java.lang.invoke.DirectMethodHandle$Holder.invokeSpecial(java.lang.Object, java.lang.Object, java.lang.Object, java.lang.Object, java.lang.Object, int)'> (0x00000000ab1c5ff0) thrown at [./src/hotspot/share/interpreter/linkResolver.cpp, line 773]
Event: 5.121 Thread 0x00000205fcdae800 Exception <a 'java/lang/NoSuchMethodError'{0x00000000ab1ca630}: 'java.lang.Object java.lang.invoke.Invokers$Holder.linkToTargetMethod(java.lang.Object, java.lang.Object, java.lang.Object, int, java.lang.Object)'> (0x00000000ab1ca630) thrown at [./src/hotspot/share/interpreter/linkResolver.cpp, line 773]
Event: 5.280 Thread 0x00000205fcdae800 Exception <a 'java/lang/IncompatibleClassChangeError'{0x00000000aa1bd6c0}: Found class java.lang.Object, but interface was expected> (0x00000000aa1bd6c0) thrown at [./src/hotspot/share/interpreter/linkResolver.cpp, line 839]
Event: 5.419 Thread 0x00000205fcdae800 Exception <a 'java/lang/NoSuchMethodError'{0x00000000a96e3168}: 'void java.lang.invoke.DirectMethodHandle$Holder.invokeInterface(java.lang.Object, java.lang.Object, java.lang.Object, java.lang.Object)'> (0x00000000a96e3168) thrown at [./src/hotspot/share/interpreter/linkResolver.cpp, line 773]
Event: 5.508 Thread 0x00000205fcdae800 Implicit null exception at 0x0000020587d0df8b to 0x0000020587d0e064

Events (20 events):
Event: 5.635 loading class com/android/build/gradle/internal/dsl/CoreExternalNativeCmakeOptions
Event: 5.635 loading class com/android/build/gradle/internal/dsl/CoreExternalNativeCmakeOptions done
Event: 5.635 loading class com/android/build/api/dsl/ExternalNativeCmakeOptions
Event: 5.635 loading class com/android/build/api/dsl/ExternalNativeCmakeOptions done
Event: 5.637 loading class com/google/common/annotations/VisibleForTesting
Event: 5.637 loading class com/google/common/annotations/VisibleForTesting done
Event: 5.641 loading class com/android/build/api/dsl/AnnotationProcessorOptions
Event: 5.641 loading class com/android/build/api/dsl/AnnotationProcessorOptions done
Event: 5.641 loading class com/android/build/gradle/api/AnnotationProcessorOptions
Event: 5.641 loading class com/android/build/gradle/api/AnnotationProcessorOptions done
Event: 5.642 loading class com/android/build/gradle/internal/dsl/AnnotationProcessorOptions
Event: 5.642 loading class com/android/build/gradle/internal/dsl/AnnotationProcessorOptions done
Event: 5.644 loading class org/gradle/process/CommandLineArgumentProvider
Event: 5.644 loading class org/gradle/process/CommandLineArgumentProvider done
Event: 5.645 loading class org/gradle/process/CommandLineArgumentProvider
Event: 5.645 loading class org/gradle/process/CommandLineArgumentProvider done
Event: 5.648 loading class com/google/common/primitives/Ints
Event: 5.648 loading class com/google/common/primitives/Ints done
Event: 5.649 loading class com/google/common/primitives/Ints$IntConverter
Event: 5.649 loading class com/google/common/primitives/Ints$IntConverter done


Dynamic libraries:
0x00007ff6e3d20000 - 0x00007ff6e3d2d000 	C:\Program Files\AdoptOpenJDK\jdk-11.0.10.9-hotspot\bin\java.exe
0x00007fff68480000 - 0x00007fff6868f000 	C:\WINDOWS\SYSTEM32\ntdll.dll
0x00007fff672e0000 - 0x00007fff6739d000 	C:\WINDOWS\System32\KERNEL32.DLL
0x00007fff65d20000 - 0x00007fff660a3000 	C:\WINDOWS\System32\KERNELBASE.dll
0x00007fff661f0000 - 0x00007fff66301000 	C:\WINDOWS\System32\ucrtbase.dll
0x00007fff48900000 - 0x00007fff48917000 	C:\Program Files\AdoptOpenJDK\jdk-11.0.10.9-hotspot\bin\jli.dll
0x00007fff47be0000 - 0x00007fff47bf5000 	C:\Program Files\AdoptOpenJDK\jdk-11.0.10.9-hotspot\bin\VCRUNTIME140.dll
0x00007fff673a0000 - 0x00007fff6754b000 	C:\WINDOWS\System32\USER32.dll
0x00007fff660b0000 - 0x00007fff660d6000 	C:\WINDOWS\System32\win32u.dll
0x00007fff53410000 - 0x00007fff536b1000 	C:\WINDOWS\WinSxS\amd64_microsoft.windows.common-controls_6595b64144ccf1df_6.0.22463.1000_none_23c1f42dacbc77da\COMCTL32.dll
0x00007fff67830000 - 0x00007fff67859000 	C:\WINDOWS\System32\GDI32.dll
0x00007fff67020000 - 0x00007fff670c4000 	C:\WINDOWS\System32\msvcrt.dll
0x00007fff65b40000 - 0x00007fff65c57000 	C:\WINDOWS\System32\gdi32full.dll
0x00007fff660e0000 - 0x00007fff6617b000 	C:\WINDOWS\System32\msvcp_win.dll
0x00007fff670e0000 - 0x00007fff67111000 	C:\WINDOWS\System32\IMM32.DLL
0x00007fff2f890000 - 0x00007fff2f92b000 	C:\Program Files\AdoptOpenJDK\jdk-11.0.10.9-hotspot\bin\msvcp140.dll
0x00007fff12c50000 - 0x00007fff13793000 	C:\Program Files\AdoptOpenJDK\jdk-11.0.10.9-hotspot\bin\server\jvm.dll
0x00007fff66aa0000 - 0x00007fff66b4f000 	C:\WINDOWS\System32\ADVAPI32.dll
0x00007fff67120000 - 0x00007fff671bf000 	C:\WINDOWS\System32\sechost.dll
0x00007fff678d0000 - 0x00007fff679ee000 	C:\WINDOWS\System32\RPCRT4.dll
0x00007fff67860000 - 0x00007fff67868000 	C:\WINDOWS\System32\PSAPI.DLL
0x00007fff611d0000 - 0x00007fff611d9000 	C:\WINDOWS\SYSTEM32\WSOCK32.dll
0x00007fff5c1a0000 - 0x00007fff5c1aa000 	C:\WINDOWS\SYSTEM32\VERSION.dll
0x00007fff5e940000 - 0x00007fff5e973000 	C:\WINDOWS\SYSTEM32\WINMM.dll
0x00007fff664b0000 - 0x00007fff66521000 	C:\WINDOWS\System32\WS2_32.dll
0x00007fff64990000 - 0x00007fff649a8000 	C:\WINDOWS\SYSTEM32\kernel.appcore.dll
0x00007fff51c10000 - 0x00007fff51c20000 	C:\Program Files\AdoptOpenJDK\jdk-11.0.10.9-hotspot\bin\verify.dll
0x00007fff63320000 - 0x00007fff63547000 	C:\WINDOWS\SYSTEM32\DBGHELP.DLL
0x00007fff66720000 - 0x00007fff66a96000 	C:\WINDOWS\System32\combase.dll
0x00007fff54df0000 - 0x00007fff54e21000 	C:\WINDOWS\SYSTEM32\dbgcore.DLL
0x00007fff65ab0000 - 0x00007fff65b31000 	C:\WINDOWS\System32\bcryptPrimitives.dll
0x00007fff35930000 - 0x00007fff35958000 	C:\Program Files\AdoptOpenJDK\jdk-11.0.10.9-hotspot\bin\java.dll
0x00007fff4a2a0000 - 0x00007fff4a2aa000 	C:\Program Files\AdoptOpenJDK\jdk-11.0.10.9-hotspot\bin\jimage.dll
0x00007fff44b40000 - 0x00007fff44b57000 	C:\Program Files\AdoptOpenJDK\jdk-11.0.10.9-hotspot\bin\zip.dll
0x00007fff67c80000 - 0x00007fff6842b000 	C:\WINDOWS\System32\SHELL32.dll
0x00007fff639c0000 - 0x00007fff6421a000 	C:\WINDOWS\SYSTEM32\windows.storage.dll
0x00007fff63850000 - 0x00007fff639b8000 	C:\WINDOWS\SYSTEM32\wintypes.dll
0x00007fff67b90000 - 0x00007fff67c7e000 	C:\WINDOWS\System32\SHCORE.dll
0x00007fff66b50000 - 0x00007fff66bab000 	C:\WINDOWS\System32\shlwapi.dll
0x00007fff65880000 - 0x00007fff658a1000 	C:\WINDOWS\SYSTEM32\profapi.dll
0x00007fff43bc0000 - 0x00007fff43bd9000 	C:\Program Files\AdoptOpenJDK\jdk-11.0.10.9-hotspot\bin\net.dll
0x00007fff5df00000 - 0x00007fff5e012000 	C:\WINDOWS\SYSTEM32\WINHTTP.dll
0x00007fff64e20000 - 0x00007fff64e89000 	C:\WINDOWS\system32\mswsock.dll
0x00007fff3e300000 - 0x00007fff3e312000 	C:\Program Files\AdoptOpenJDK\jdk-11.0.10.9-hotspot\bin\nio.dll
0x00007fff44890000 - 0x00007fff448b7000 	C:\Users\jsnow2333\.gradle\native\f6784746aeab05261644944871eae4fe03e0ef1612fff0a4a95f87b438bc6780\windows-amd64\native-platform.dll
0x00007fff47e80000 - 0x00007fff47e89000 	C:\Program Files\AdoptOpenJDK\jdk-11.0.10.9-hotspot\bin\management.dll
0x00007fff47a70000 - 0x00007fff47a7b000 	C:\Program Files\AdoptOpenJDK\jdk-11.0.10.9-hotspot\bin\management_ext.dll
0x00007fff650f0000 - 0x00007fff65108000 	C:\WINDOWS\SYSTEM32\CRYPTSP.dll
0x00007fff64950000 - 0x00007fff64985000 	C:\WINDOWS\system32\rsaenh.dll
0x00007fff64ec0000 - 0x00007fff64ee9000 	C:\WINDOWS\SYSTEM32\USERENV.dll
0x00007fff652b0000 - 0x00007fff652d8000 	C:\WINDOWS\SYSTEM32\bcrypt.dll
0x00007fff65010000 - 0x00007fff6501c000 	C:\WINDOWS\SYSTEM32\CRYPTBASE.dll
0x00007fff644a0000 - 0x00007fff644cd000 	C:\WINDOWS\SYSTEM32\IPHLPAPI.DLL
0x00007fff670d0000 - 0x00007fff670d9000 	C:\WINDOWS\System32\NSI.dll
0x00007fff5d580000 - 0x00007fff5d599000 	C:\WINDOWS\SYSTEM32\dhcpcsvc6.DLL
0x00007fff5d4a0000 - 0x00007fff5d4be000 	C:\WINDOWS\SYSTEM32\dhcpcsvc.DLL
0x00007fff644d0000 - 0x00007fff645c3000 	C:\WINDOWS\SYSTEM32\DNSAPI.dll
0x00007fff62a10000 - 0x00007fff62a1c000 	C:\WINDOWS\SYSTEM32\WINNSI.DLL

dbghelp: loaded successfully - version: 4.0.5 - missing functions: none
symbol engine: initialized successfully - sym options: 0x614 - pdb path: .;C:\Program Files\AdoptOpenJDK\jdk-11.0.10.9-hotspot\bin;C:\WINDOWS\SYSTEM32;C:\WINDOWS\WinSxS\amd64_microsoft.windows.common-controls_6595b64144ccf1df_6.0.22463.1000_none_23c1f42dacbc77da;C:\Program Files\AdoptOpenJDK\jdk-11.0.10.9-hotspot\bin\server;C:\Users\jsnow2333\.gradle\native\f6784746aeab05261644944871eae4fe03e0ef1612fff0a4a95f87b438bc6780\windows-amd64

VM Arguments:
jvm_args: --add-opens=java.base/java.util=ALL-UNNAMED --add-opens=java.base/java.lang=ALL-UNNAMED --add-opens=java.base/java.lang.invoke=ALL-UNNAMED --add-opens=java.prefs/java.util.prefs=ALL-UNNAMED -Xmx1536m -Dfile.encoding=GBK -Duser.country=CN -Duser.language=zh -Duser.variant 
java_command: org.gradle.launcher.daemon.bootstrap.GradleDaemon 6.5
java_class_path (initial): C:\Users\jsnow2333\.gradle\wrapper\dists\gradle-6.5-bin\6nifqtx7604sqp1q6g8wikw7p\gradle-6.5\lib\gradle-launcher-6.5.jar
Launcher Type: SUN_STANDARD

[Global flags]
     intx CICompilerCount                          = 12                                        {product} {ergonomic}
     uint ConcGCThreads                            = 3                                         {product} {ergonomic}
     uint G1ConcRefinementThreads                  = 13                                        {product} {ergonomic}
   size_t G1HeapRegionSize                         = 1048576                                   {product} {ergonomic}
    uintx GCDrainStackTargetSize                   = 64                                        {product} {ergonomic}
   size_t InitialHeapSize                          = 232783872                                 {product} {ergonomic}
   size_t MarkStackSize                            = 4194304                                   {product} {ergonomic}
   size_t MaxHeapSize                              = 1610612736                                {product} {command line}
   size_t MaxNewSize                               = 965738496                                 {product} {ergonomic}
   size_t MinHeapDeltaBytes                        = 1048576                                   {product} {ergonomic}
    uintx NonNMethodCodeHeapSize                   = 7594288                                {pd product} {ergonomic}
    uintx NonProfiledCodeHeapSize                  = 122031976                              {pd product} {ergonomic}
    uintx ProfiledCodeHeapSize                     = 122031976                              {pd product} {ergonomic}
    uintx ReservedCodeCacheSize                    = 251658240                              {pd product} {ergonomic}
     bool SegmentedCodeCache                       = true                                      {product} {ergonomic}
     bool UseCompressedClassPointers               = true                                 {lp64_product} {ergonomic}
     bool UseCompressedOops                        = true                                 {lp64_product} {ergonomic}
     bool UseG1GC                                  = true                                      {product} {ergonomic}
     bool UseLargePagesIndividualAllocation        = false                                  {pd product} {ergonomic}

Logging:
Log output configuration:
 #0: stdout all=warning uptime,level,tags
 #1: stderr all=off uptime,level,tags

Environment Variables:
JAVA_HOME=C:\Program Files\AdoptOpenJDK\jdk-11.0.10.9-hotspot\
PATH=C:\Users\jsnow2333\AppData\Local\Programs\Python\Python39\Scripts\;C:\Users\jsnow2333\AppData\Local\Programs\Python\Python39\;C:\Program Files (x86)\VMware\VMware Workstation\bin\;C:\Program Files\AdoptOpenJDK\jdk-11.0.10.9-hotspot\bin;C:\WINDOWS\system32;C:\WINDOWS;C:\WINDOWS\System32\Wbem;C:\WINDOWS\System32\WindowsPowerShell\v1.0\;C:\WINDOWS\System32\OpenSSH\;C:\Program Files\Microsoft SQL Server\130\Tools\Binn\;C:\Program Files\Microsoft SQL Server\Client SDK\ODBC\170\Tools\Binn\;C:\Program Files\Git\cmd;C:\Program Files\TortoiseSVN\bin;C:\Program Files (x86)\Microsoft SQL Server\150\DTS\Binn\;C:\Program Files\Azure Data Studio\bin;C:\Program Files\dotnet\;C:\Program Files\Docker\Docker\resources\bin;C:\ProgramData\DockerDesktop\version-bin;C:\Program Files\nodejs\;C:\ProgramData\chocolatey\bin;C:\Ruby30-x64\bin;C:\Users\jsnow2333\scoop\shims;C:\Users\jsnow2333\AppData\Local\Microsoft\WindowsApps;C:\Program Files\Bandizip\;C:\Users\jsnow2333\.dotnet\tools;C:\Users\jsnow2333\AppData\Local\Programs\Microsoft VS Code\bin;C:\Program Files\Azure Data Studio\bin;C:\Users\jsnow2333\.dotnet\tools;C:\Users\jsnow2333\AppData\Roaming\npm;C:\Users\jsnow2333\AppData\Local\Microsoft\WindowsApps;
USERNAME=jsnow2333
OS=Windows_NT
PROCESSOR_IDENTIFIER=AMD64 Family 25 Model 80 Stepping 0, AuthenticAMD



---------------  S Y S T E M  ---------------

OS: Windows 10 , 64 bit Build 22463 (10.0.22463.1000)
OS uptime: 4 days 3:19 hours
Hyper-V role detected

CPU:total 16 (initial active 16) (16 cores per cpu, 2 threads per core) family 25 model 80 stepping 0 microcode 0x0, cmov, cx8, fxsr, mmx, sse, sse2, sse3, ssse3, sse4.1, sse4.2, popcnt, avx, avx2, aes, clmul, erms, mmxext, 3dnowpref, lzcnt, sse4a, ht, tsc, tscinvbit, tscinv, bmi1, bmi2,

Memory: 4k page, system-wide physical 14198M (1172M free)
TotalPageFile size 18294M (AvailPageFile size 3M)
current process WorkingSet (physical memory assigned to process): 356M, peak: 356M
current process commit charge ("private bytes"): 476M, peak: 477M

vm_info: OpenJDK 64-Bit Server VM (11.0.10+9) for windows-amd64 JRE (11.0.10+9), built on Jan 20 2021 06:07:07 by "" with MS VC++ 15.9 (VS2017)

END.
